#
# There is insufficient memory for the Java Runtime Environment to continue.
# Native memory allocation (malloc) failed to allocate 1221936 bytes for Chunk::new
# Possible reasons:
#   The system is out of physical RAM or swap space
#   The process is running with CompressedOops enabled, and the Java Heap may be blocking the growth of the native heap
# Possible solutions:
#   Reduce memory load on the system
#   Increase physical memory or swap space
#   Check if swap backing store is full
#   Decrease Java heap size (-Xmx/-Xms)
#   Decrease number of Java threads
#   Decrease Java thread stack sizes (-Xss)
#   Set larger code cache with -XX:ReservedCodeCacheSize=
#   JVM is running with Unscaled Compressed Oops mode in which the Java heap is
#     placed in the first 4GB address space. The Java Heap base address is the
#     maximum limit for the native heap growth. Please use -XX:HeapBaseMinAddress
#     to set the Java Heap base and to place the Java Heap above 4GB virtual address.
# This output file may be truncated or incomplete.
#
#  Out of Memory Error (arena.cpp:189), pid=11308, tid=9116
#
# JRE version: Java(TM) SE Runtime Environment (17.0.7+8) (build 17.0.7+8-LTS-224)
# Java VM: Java HotSpot(TM) 64-Bit Server VM (17.0.7+8-LTS-224, mixed mode, sharing, tiered, compressed oops, compressed class ptrs, g1 gc, windows-amd64)
# No core dump will be written. Minidumps are not enabled by default on client versions of Windows
#

---------------  S U M M A R Y ------------

Command Line: -javaagent:C:\Program Files\JetBrains\IntelliJ IDEA Community Edition 2023.1.2\lib\idea_rt.jar=61082:C:\Program Files\JetBrains\IntelliJ IDEA Community Edition 2023.1.2\bin -Dfile.encoding=UTF-8 com.example.SpringProjectSQL.SpringProjectSqlApplication

Host: Intel(R) Core(TM) i5-1035G1 CPU @ 1.00GHz, 8 cores, 7G,  Windows 11 , 64 bit Build 22621 (10.0.22621.1928)
Time: Mon Jul 10 14:56:45 2023 Central Daylight Time elapsed time: 171.944156 seconds (0d 0h 2m 51s)

---------------  T H R E A D  ---------------

Current thread (0x000002657fab6080):  JavaThread "C2 CompilerThread0" daemon [_thread_in_native, id=9116, stack(0x0000009ff2800000,0x0000009ff2900000)]


Current CompileTask:
C2: 171944 5541       4       java.lang.invoke.MethodType::makeImpl (109 bytes)

Stack: [0x0000009ff2800000,0x0000009ff2900000]
Native frames: (J=compiled Java code, j=interpreted, Vv=VM code, C=native code)
V  [jvm.dll+0x676a4a]
V  [jvm.dll+0x7d74f4]
V  [jvm.dll+0x7d8c9e]
V  [jvm.dll+0x7d9303]
V  [jvm.dll+0x2452c5]
V  [jvm.dll+0xaaa2b]
V  [jvm.dll+0xaafcc]
V  [jvm.dll+0x3613cf]
V  [jvm.dll+0x32bba1]
V  [jvm.dll+0x32b03a]
V  [jvm.dll+0x217acf]
V  [jvm.dll+0x216f01]
V  [jvm.dll+0x1a35e0]
V  [jvm.dll+0x226a6e]
V  [jvm.dll+0x224e15]
V  [jvm.dll+0x78d05c]
V  [jvm.dll+0x78759a]
V  [jvm.dll+0x675875]
C  [ucrtbase.dll+0x29363]
C  [KERNEL32.DLL+0x126ad]
C  [ntdll.dll+0x5aa68]


---------------  P R O C E S S  ---------------

Threads class SMR info:
_java_thread_list=0x00000265160853f0, length=33, elements={
0x000002657fa6d090, 0x000002657fa6ff70, 0x000002657fa80bb0, 0x000002657fa81680,
0x000002657fa85290, 0x000002657fa85760, 0x000002657fab6080, 0x000002657fab6e40,
0x000002657fab7b50, 0x000002657fa85c30, 0x000002657fa86f70, 0x000002657fa848f0,
0x000002657fa84420, 0x0000026518a27a80, 0x0000026518a258d0, 0x0000026518a275b0,
0x0000026518a29290, 0x0000026518a26740, 0x0000026518a29760, 0x0000026518a28420,
0x0000026518a24a60, 0x0000026518a29c30, 0x0000026518a28dc0, 0x0000026518a26c10,
0x0000026518a2a100, 0x0000026518a26270, 0x0000026518a288f0, 0x0000026518a228b0,
0x0000026518a24590, 0x0000026518a22d80, 0x0000026518a23250, 0x0000026518a25400,
0x00000265159698c0
}

Java Threads: ( => current thread )
  0x000002657fa6d090 JavaThread "Reference Handler" daemon [_thread_blocked, id=18492, stack(0x0000009ff2200000,0x0000009ff2300000)]
  0x000002657fa6ff70 JavaThread "Finalizer" daemon [_thread_blocked, id=16388, stack(0x0000009ff2300000,0x0000009ff2400000)]
  0x000002657fa80bb0 JavaThread "Signal Dispatcher" daemon [_thread_blocked, id=19612, stack(0x0000009ff2400000,0x0000009ff2500000)]
  0x000002657fa81680 JavaThread "Attach Listener" daemon [_thread_blocked, id=5132, stack(0x0000009ff2500000,0x0000009ff2600000)]
  0x000002657fa85290 JavaThread "Service Thread" daemon [_thread_blocked, id=20328, stack(0x0000009ff2600000,0x0000009ff2700000)]
  0x000002657fa85760 JavaThread "Monitor Deflation Thread" daemon [_thread_blocked, id=9284, stack(0x0000009ff2700000,0x0000009ff2800000)]
=>0x000002657fab6080 JavaThread "C2 CompilerThread0" daemon [_thread_in_native, id=9116, stack(0x0000009ff2800000,0x0000009ff2900000)]
  0x000002657fab6e40 JavaThread "C1 CompilerThread0" daemon [_thread_blocked, id=20688, stack(0x0000009ff2900000,0x0000009ff2a00000)]
  0x000002657fab7b50 JavaThread "Sweeper thread" daemon [_thread_blocked, id=26240, stack(0x0000009ff2a00000,0x0000009ff2b00000)]
  0x000002657fa85c30 JavaThread "Common-Cleaner" daemon [_thread_blocked, id=21228, stack(0x0000009ff2b00000,0x0000009ff2c00000)]
  0x000002657fa86f70 JavaThread "Monitor Ctrl-Break" daemon [_thread_in_native, id=21808, stack(0x0000009ff2c00000,0x0000009ff2d00000)]
  0x000002657fa848f0 JavaThread "Notification Thread" daemon [_thread_blocked, id=19100, stack(0x0000009ff2d00000,0x0000009ff2e00000)]
  0x000002657fa84420 JavaThread "Catalina-utility-1" [_thread_blocked, id=20396, stack(0x0000009ff3a00000,0x0000009ff3b00000)]
  0x0000026518a27a80 JavaThread "Catalina-utility-2" [_thread_blocked, id=26252, stack(0x0000009ff3b00000,0x0000009ff3c00000)]
  0x0000026518a258d0 JavaThread "container-0" [_thread_blocked, id=21232, stack(0x0000009ff3c00000,0x0000009ff3d00000)]
  0x0000026518a275b0 JavaThread "mysql-cj-abandoned-connection-cleanup" daemon [_thread_blocked, id=19488, stack(0x0000009ff3d00000,0x0000009ff3e00000)]
  0x0000026518a29290 JavaThread "HikariPool-1 housekeeper" daemon [_thread_blocked, id=21312, stack(0x0000009ff3f00000,0x0000009ff4000000)]
  0x0000026518a26740 JavaThread "File Watcher" daemon [_thread_blocked, id=23308, stack(0x0000009ff2f00000,0x0000009ff3000000)]
  0x0000026518a29760 JavaThread "Live Reload Server" daemon [_thread_in_native, id=25584, stack(0x0000009ff4200000,0x0000009ff4300000)]
  0x0000026518a28420 JavaThread "http-nio-8080-exec-1" daemon [_thread_in_Java, id=21960, stack(0x0000009ff4100000,0x0000009ff4200000)]
  0x0000026518a24a60 JavaThread "http-nio-8080-exec-2" daemon [_thread_blocked, id=18588, stack(0x0000009ff4300000,0x0000009ff4400000)]
  0x0000026518a29c30 JavaThread "http-nio-8080-exec-3" daemon [_thread_blocked, id=22292, stack(0x0000009ff4400000,0x0000009ff4500000)]
  0x0000026518a28dc0 JavaThread "http-nio-8080-exec-4" daemon [_thread_blocked, id=13136, stack(0x0000009ff4500000,0x0000009ff4600000)]
  0x0000026518a26c10 JavaThread "http-nio-8080-exec-5" daemon [_thread_blocked, id=23296, stack(0x0000009ff4600000,0x0000009ff4700000)]
  0x0000026518a2a100 JavaThread "http-nio-8080-exec-6" daemon [_thread_blocked, id=25672, stack(0x0000009ff4700000,0x0000009ff4800000)]
  0x0000026518a26270 JavaThread "http-nio-8080-exec-7" daemon [_thread_blocked, id=752, stack(0x0000009ff4800000,0x0000009ff4900000)]
  0x0000026518a288f0 JavaThread "http-nio-8080-exec-8" daemon [_thread_blocked, id=25132, stack(0x0000009ff4900000,0x0000009ff4a00000)]
  0x0000026518a228b0 JavaThread "http-nio-8080-exec-9" daemon [_thread_blocked, id=19964, stack(0x0000009ff4a00000,0x0000009ff4b00000)]
  0x0000026518a24590 JavaThread "http-nio-8080-exec-10" daemon [_thread_blocked, id=3792, stack(0x0000009ff4b00000,0x0000009ff4c00000)]
  0x0000026518a22d80 JavaThread "http-nio-8080-Poller" daemon [_thread_in_native, id=20936, stack(0x0000009ff4c00000,0x0000009ff4d00000)]
  0x0000026518a23250 JavaThread "http-nio-8080-Acceptor" daemon [_thread_in_native, id=21624, stack(0x0000009ff4d00000,0x0000009ff4e00000)]
  0x0000026518a25400 JavaThread "DestroyJavaVM" [_thread_blocked, id=16280, stack(0x0000009ff1b00000,0x0000009ff1c00000)]
  0x00000265159698c0 JavaThread "C2 CompilerThread1" daemon [_thread_in_native, id=22760, stack(0x0000009ff1800000,0x0000009ff1900000)]

Other Threads:
  0x000002657fa696f0 VMThread "VM Thread" [stack: 0x0000009ff2100000,0x0000009ff2200000] [id=24052]
  0x00000265769ac450 WatcherThread [stack: 0x0000009ff2e00000,0x0000009ff2f00000] [id=13532]
  0x000002657697fc50 GCTaskThread "GC Thread#0" [stack: 0x0000009ff1c00000,0x0000009ff1d00000] [id=15580]
  0x0000026515e9f570 GCTaskThread "GC Thread#1" [stack: 0x0000009ff3200000,0x0000009ff3300000] [id=24032]
  0x0000026515e9f820 GCTaskThread "GC Thread#2" [stack: 0x0000009ff3300000,0x0000009ff3400000] [id=23060]
  0x0000026515e9fad0 GCTaskThread "GC Thread#3" [stack: 0x0000009ff3400000,0x0000009ff3500000] [id=8452]
  0x0000026515e9fd80 GCTaskThread "GC Thread#4" [stack: 0x0000009ff3500000,0x0000009ff3600000] [id=25360]
  0x0000026515ea0030 GCTaskThread "GC Thread#5" [stack: 0x0000009ff3600000,0x0000009ff3700000] [id=19876]
  0x0000026516b5ddc0 GCTaskThread "GC Thread#6" [stack: 0x0000009ff3800000,0x0000009ff3900000] [id=17860]
  0x0000026516cba140 GCTaskThread "GC Thread#7" [stack: 0x0000009ff3900000,0x0000009ff3a00000] [id=15488]
  0x0000026576990370 ConcurrentGCThread "G1 Main Marker" [stack: 0x0000009ff1d00000,0x0000009ff1e00000] [id=18608]
  0x0000026576991c30 ConcurrentGCThread "G1 Conc#0" [stack: 0x0000009ff1e00000,0x0000009ff1f00000] [id=25756]
  0x00000265187bcda0 ConcurrentGCThread "G1 Conc#1" [stack: 0x0000009ff3700000,0x0000009ff3800000] [id=22776]
  0x000002657f9124b0 ConcurrentGCThread "G1 Refine#0" [stack: 0x0000009ff1f00000,0x0000009ff2000000] [id=15832]
  0x00000265769ee120 ConcurrentGCThread "G1 Service" [stack: 0x0000009ff2000000,0x0000009ff2100000] [id=3120]

Threads with active compile tasks:
C2 CompilerThread0   171990 5541       4       java.lang.invoke.MethodType::makeImpl (109 bytes)
C2 CompilerThread1   171990 5552 %     4       java.util.Properties$LineReader::readLine @ 293 (584 bytes)

VM state: not at safepoint (normal execution)

VM Mutex/Monitor currently owned by a thread: None

Heap address: 0x0000000084c00000, size: 1972 MB, Compressed Oops mode: 32-bit

CDS archive(s) mapped at: [0x0000000800000000-0x0000000800bd0000-0x0000000800bd0000), size 12386304, SharedBaseAddress: 0x0000000800000000, ArchiveRelocationMode: 0.
Compressed class space mapped at: 0x0000000800c00000-0x0000000840c00000, reserved size: 1073741824
Narrow klass base: 0x0000000800000000, Narrow klass shift: 0, Narrow klass range: 0x100000000

GC Precious Log:
 CPUs: 8 total, 8 available
 Memory: 7880M
 Large Page Support: Disabled
 NUMA Support: Disabled
 Compressed Oops: Enabled (32-bit)
 Heap Region Size: 1M
 Heap Min Capacity: 8M
 Heap Initial Capacity: 124M
 Heap Max Capacity: 1972M
 Pre-touch: Disabled
 Parallel Workers: 8
 Concurrent Workers: 2
 Concurrent Refinement Workers: 8
 Periodic GC: Disabled

Heap:
 garbage-first heap   total 48128K, used 25744K [0x0000000084c00000, 0x0000000100000000)
  region size 1024K, 3 young (3072K), 1 survivors (1024K)
 Metaspace       used 61695K, committed 62272K, reserved 1105920K
  class space    used 8368K, committed 8640K, reserved 1048576K

Heap Regions: E=young(eden), S=young(survivor), O=old, HS=humongous(starts), HC=humongous(continues), CS=collection set, F=free, OA=open archive, CA=closed archive, TAMS=top-at-mark-start (previous, next)
|   0|0x0000000084c00000, 0x0000000084d00000, 0x0000000084d00000|100%|HS|  |TAMS 0x0000000084d00000, 0x0000000084c00000| Complete 
|   1|0x0000000084d00000, 0x0000000084e00000, 0x0000000084e00000|100%| O|  |TAMS 0x0000000084e00000, 0x0000000084d00000| Untracked 
|   2|0x0000000084e00000, 0x0000000084f00000, 0x0000000084f00000|100%| O|  |TAMS 0x0000000084f00000, 0x0000000084e00000| Untracked 
|   3|0x0000000084f00000, 0x0000000085000000, 0x0000000085000000|100%| O|  |TAMS 0x0000000085000000, 0x0000000084f00000| Untracked 
|   4|0x0000000085000000, 0x0000000085100000, 0x0000000085100000|100%| O|  |TAMS 0x0000000085100000, 0x0000000085000000| Untracked 
|   5|0x0000000085100000, 0x0000000085200000, 0x0000000085200000|100%| O|  |TAMS 0x0000000085200000, 0x0000000085100000| Untracked 
|   6|0x0000000085200000, 0x0000000085300000, 0x0000000085300000|100%| O|  |TAMS 0x0000000085300000, 0x0000000085200000| Untracked 
|   7|0x0000000085300000, 0x0000000085400000, 0x0000000085400000|100%| O|  |TAMS 0x0000000085400000, 0x0000000085300000| Untracked 
|   8|0x0000000085400000, 0x0000000085500000, 0x0000000085500000|100%| O|  |TAMS 0x0000000085500000, 0x0000000085400000| Untracked 
|   9|0x0000000085500000, 0x0000000085600000, 0x0000000085600000|100%| O|  |TAMS 0x0000000085600000, 0x0000000085500000| Untracked 
|  10|0x0000000085600000, 0x0000000085700000, 0x0000000085700000|100%| O|  |TAMS 0x0000000085700000, 0x0000000085600000| Untracked 
|  11|0x0000000085700000, 0x0000000085700000, 0x0000000085800000|  0%| F|  |TAMS 0x0000000085700000, 0x0000000085700000| Untracked 
|  12|0x0000000085800000, 0x0000000085900000, 0x0000000085900000|100%| O|  |TAMS 0x0000000085900000, 0x0000000085800000| Untracked 
|  13|0x0000000085900000, 0x0000000085a00000, 0x0000000085a00000|100%| O|  |TAMS 0x0000000085a00000, 0x0000000085900000| Untracked 
|  14|0x0000000085a00000, 0x0000000085b00000, 0x0000000085b00000|100%| O|  |TAMS 0x0000000085b00000, 0x0000000085a00000| Untracked 
|  15|0x0000000085b00000, 0x0000000085c00000, 0x0000000085c00000|100%| O|  |TAMS 0x0000000085c00000, 0x0000000085b00000| Untracked 
|  16|0x0000000085c00000, 0x0000000085d00000, 0x0000000085d00000|100%| O|  |TAMS 0x0000000085d00000, 0x0000000085c00000| Untracked 
|  17|0x0000000085d00000, 0x0000000085e00000, 0x0000000085e00000|100%| O|  |TAMS 0x0000000085e00000, 0x0000000085d00000| Untracked 
|  18|0x0000000085e00000, 0x0000000085f00000, 0x0000000085f00000|100%| O|  |TAMS 0x0000000085f00000, 0x0000000085e00000| Untracked 
|  19|0x0000000085f00000, 0x0000000086000000, 0x0000000086000000|100%| O|  |TAMS 0x0000000086000000, 0x0000000085f00000| Untracked 
|  20|0x0000000086000000, 0x0000000086100000, 0x0000000086100000|100%| O|  |TAMS 0x0000000086100000, 0x0000000086000000| Untracked 
|  21|0x0000000086100000, 0x0000000086200000, 0x0000000086200000|100%| O|  |TAMS 0x00000000861d2000, 0x0000000086100000| Untracked 
|  22|0x0000000086200000, 0x0000000086300000, 0x0000000086300000|100%| O|  |TAMS 0x0000000086200000, 0x0000000086200000| Untracked 
|  23|0x0000000086300000, 0x0000000086400000, 0x0000000086400000|100%| O|  |TAMS 0x0000000086300000, 0x0000000086300000| Untracked 
|  24|0x0000000086400000, 0x0000000086500000, 0x0000000086500000|100%| O|  |TAMS 0x0000000086400000, 0x0000000086400000| Untracked 
|  25|0x0000000086500000, 0x00000000865eb800, 0x0000000086600000| 91%| O|  |TAMS 0x0000000086500000, 0x0000000086500000| Untracked 
|  26|0x0000000086600000, 0x0000000086600000, 0x0000000086700000|  0%| F|  |TAMS 0x0000000086600000, 0x0000000086600000| Untracked 
|  27|0x0000000086700000, 0x0000000086700000, 0x0000000086800000|  0%| F|  |TAMS 0x0000000086700000, 0x0000000086700000| Untracked 
|  28|0x0000000086800000, 0x0000000086800000, 0x0000000086900000|  0%| F|  |TAMS 0x0000000086800000, 0x0000000086800000| Untracked 
|  29|0x0000000086900000, 0x0000000086900000, 0x0000000086a00000|  0%| F|  |TAMS 0x0000000086900000, 0x0000000086900000| Untracked 
|  30|0x0000000086a00000, 0x0000000086a00000, 0x0000000086b00000|  0%| F|  |TAMS 0x0000000086a00000, 0x0000000086a00000| Untracked 
|  31|0x0000000086b00000, 0x0000000086b00000, 0x0000000086c00000|  0%| F|  |TAMS 0x0000000086b00000, 0x0000000086b00000| Untracked 
|  32|0x0000000086c00000, 0x0000000086c00000, 0x0000000086d00000|  0%| F|  |TAMS 0x0000000086c00000, 0x0000000086c00000| Untracked 
|  33|0x0000000086d00000, 0x0000000086d00000, 0x0000000086e00000|  0%| F|  |TAMS 0x0000000086d00000, 0x0000000086d00000| Untracked 
|  34|0x0000000086e00000, 0x0000000086e00000, 0x0000000086f00000|  0%| F|  |TAMS 0x0000000086e00000, 0x0000000086e00000| Untracked 
|  35|0x0000000086f00000, 0x0000000086f00000, 0x0000000087000000|  0%| F|  |TAMS 0x0000000086f00000, 0x0000000086f00000| Untracked 
|  36|0x0000000087000000, 0x0000000087000000, 0x0000000087100000|  0%| F|  |TAMS 0x0000000087000000, 0x0000000087000000| Untracked 
|  37|0x0000000087100000, 0x0000000087100000, 0x0000000087200000|  0%| F|  |TAMS 0x0000000087100000, 0x0000000087100000| Untracked 
|  38|0x0000000087200000, 0x0000000087200000, 0x0000000087300000|  0%| F|  |TAMS 0x0000000087200000, 0x0000000087200000| Untracked 
|  39|0x0000000087300000, 0x0000000087300000, 0x0000000087400000|  0%| F|  |TAMS 0x0000000087300000, 0x0000000087300000| Untracked 
|  40|0x0000000087400000, 0x0000000087400000, 0x0000000087500000|  0%| F|  |TAMS 0x0000000087400000, 0x0000000087400000| Untracked 
|  41|0x0000000087500000, 0x0000000087500000, 0x0000000087600000|  0%| F|  |TAMS 0x0000000087500000, 0x0000000087500000| Untracked 
| 115|0x000000008bf00000, 0x000000008bf00000, 0x000000008c000000|  0%| F|  |TAMS 0x000000008bf00000, 0x000000008bf00000| Untracked 
| 116|0x000000008c000000, 0x000000008c000000, 0x000000008c100000|  0%| F|  |TAMS 0x000000008c000000, 0x000000008c000000| Untracked 
| 117|0x000000008c100000, 0x000000008c1f2638, 0x000000008c200000| 94%| E|  |TAMS 0x000000008c100000, 0x000000008c100000| Complete 
| 118|0x000000008c200000, 0x000000008c2388b0, 0x000000008c300000| 22%| S|CS|TAMS 0x000000008c200000, 0x000000008c200000| Complete 
| 123|0x000000008c700000, 0x000000008c800000, 0x000000008c800000|100%| E|  |TAMS 0x000000008c700000, 0x000000008c700000| Complete 

Card table byte_map: [0x000002657e8b0000,0x000002657ec90000] _byte_map_base: 0x000002657e48a000

Marking Bits (Prev, Next): (CMBitMap*) 0x00000265769802a0, (CMBitMap*) 0x0000026576980260
 Prev Bits: [0x0000026510ed0000, 0x0000026512da0000)
 Next Bits: [0x000002650f000000, 0x0000026510ed0000)

Polling page: 0x00000265760f0000

Metaspace:

Usage:
  Non-class:     52.08 MB used.
      Class:      8.17 MB used.
       Both:     60.25 MB used.

Virtual space:
  Non-class space:       56.00 MB reserved,      52.38 MB ( 94%) committed,  7 nodes.
      Class space:        1.00 GB reserved,       8.44 MB ( <1%) committed,  1 nodes.
             Both:        1.05 GB reserved,      60.81 MB (  6%) committed. 

Chunk freelists:
   Non-Class:  3.30 MB
       Class:  3.41 MB
        Both:  6.70 MB

MaxMetaspaceSize: unlimited
CompressedClassSpaceSize: 1.00 GB
Initial GC threshold: 21.00 MB
Current GC threshold: 98.44 MB
CDS: on
MetaspaceReclaimPolicy: balanced
 - commit_granule_bytes: 65536.
 - commit_granule_words: 8192.
 - virtual_space_node_default_size: 1048576.
 - enlarge_chunks_in_place: 1.
 - new_chunks_are_fully_committed: 0.
 - uncommit_free_chunks: 1.
 - use_allocation_guard: 0.
 - handle_deallocations: 1.


Internal statistics:

num_allocs_failed_limit: 9.
num_arena_births: 702.
num_arena_deaths: 0.
num_vsnodes_births: 8.
num_vsnodes_deaths: 0.
num_space_committed: 973.
num_space_uncommitted: 0.
num_chunks_returned_to_freelist: 9.
num_chunks_taken_from_freelist: 2835.
num_chunk_merges: 9.
num_chunk_splits: 2058.
num_chunks_enlarged: 1611.
num_purges: 0.
num_inconsistent_stats: 0.

CodeHeap 'non-profiled nmethods': size=120000Kb used=2967Kb max_used=3062Kb free=117032Kb
 bounds [0x0000026507ad0000, 0x0000026507e10000, 0x000002650f000000]
CodeHeap 'profiled nmethods': size=120000Kb used=9104Kb max_used=10929Kb free=110895Kb
 bounds [0x0000026500000000, 0x0000026500ab0000, 0x0000026507530000]
CodeHeap 'non-nmethods': size=5760Kb used=1354Kb max_used=1400Kb free=4405Kb
 bounds [0x0000026507530000, 0x00000265077a0000, 0x0000026507ad0000]
 total_blobs=5415 nmethods=4742 adapters=585
 compilation: enabled
              stopped_count=0, restarted_count=0
 full_count=0

Compilation events (20 events):
Event: 171.841 Thread 0x000002657fab6e40 5538       3       java.lang.invoke.LambdaForm$Name::withConstraint (20 bytes)
Event: 171.841 Thread 0x000002657fab6e40 nmethod 5538 0x0000026500624610 code [0x00000265006247c0, 0x00000265006249e8]
Event: 171.841 Thread 0x000002657fab6e40 5539       3       java.lang.invoke.BoundMethodHandle::speciesDataFor (32 bytes)
Event: 171.842 Thread 0x000002657fab6e40 nmethod 5539 0x000002650064b190 code [0x000002650064b340, 0x000002650064b6d8]
Event: 171.842 Thread 0x000002657fab6e40 5540       3       java.lang.invoke.LambdaFormBuffer::insertExpression (30 bytes)
Event: 171.842 Thread 0x000002657fab6e40 nmethod 5540 0x000002650023b510 code [0x000002650023b6c0, 0x000002650023b828]
Event: 171.843 Thread 0x000002657fab6e40 5542       3       java.lang.invoke.LambdaFormEditor::oldSpeciesData (8 bytes)
Event: 171.843 Thread 0x000002657fab6e40 nmethod 5542 0x000002650023f010 code [0x000002650023f1e0, 0x000002650023f5f8]
Event: 171.845 Thread 0x000002657fab6e40 5544       3       java.lang.invoke.MethodType::equals (56 bytes)
Event: 171.846 Thread 0x000002657fab6e40 nmethod 5544 0x00000265002cd610 code [0x00000265002cd840, 0x00000265002ce3d8]
Event: 171.848 Thread 0x000002657fab6e40 5545       3       java.lang.invoke.MethodHandle::viewAsType (33 bytes)
Event: 171.848 Thread 0x000002657fab6e40 nmethod 5545 0x0000026500624190 code [0x0000026500624340, 0x0000026500624528]
Event: 171.852 Thread 0x000002657fab6080 nmethod 5534 0x0000026507ae4090 code [0x0000026507ae4260, 0x0000026507ae4f70]
Event: 171.852 Thread 0x000002657fab6080 5541       4       java.lang.invoke.MethodType::makeImpl (109 bytes)
Event: 171.852 Thread 0x000002657fab6e40 5547       3       java.lang.Long::stringSize (55 bytes)
Event: 171.853 Thread 0x000002657fab6e40 nmethod 5547 0x00000265004ee390 code [0x00000265004ee540, 0x00000265004ee7d8]
Event: 171.853 Thread 0x000002657fab6e40 5548       3       java.lang.Long::getChars (208 bytes)
Event: 171.853 Thread 0x000002657fab6e40 nmethod 5548 0x00000265009aaa10 code [0x00000265009aac00, 0x00000265009ab218]
Event: 171.859 Thread 0x000002657fab6e40 5549       3       java.util.concurrent.locks.AbstractQueuedSynchronizer::releaseShared (19 bytes)
Event: 171.860 Thread 0x000002657fab6e40 nmethod 5549 0x000002650084af10 code [0x000002650084b100, 0x000002650084b588]

GC Heap History (20 events):
Event: 6.677 GC heap before
{Heap before GC invocations=11 (full 0):
 garbage-first heap   total 48128K, used 34635K [0x0000000084c00000, 0x0000000100000000)
  region size 1024K, 18 young (18432K), 2 survivors (2048K)
 Metaspace       used 43078K, committed 43520K, reserved 1089536K
  class space    used 5601K, committed 5824K, reserved 1048576K
}
Event: 6.680 GC heap after
{Heap after GC invocations=12 (full 0):
 garbage-first heap   total 48128K, used 19780K [0x0000000084c00000, 0x0000000100000000)
  region size 1024K, 3 young (3072K), 3 survivors (3072K)
 Metaspace       used 43078K, committed 43520K, reserved 1089536K
  class space    used 5601K, committed 5824K, reserved 1048576K
}
Event: 6.699 GC heap before
{Heap before GC invocations=12 (full 0):
 garbage-first heap   total 48128K, used 20804K [0x0000000084c00000, 0x0000000100000000)
  region size 1024K, 4 young (4096K), 3 survivors (3072K)
 Metaspace       used 43303K, committed 43840K, reserved 1089536K
  class space    used 5636K, committed 5888K, reserved 1048576K
}
Event: 6.703 GC heap after
{Heap after GC invocations=13 (full 0):
 garbage-first heap   total 48128K, used 20024K [0x0000000084c00000, 0x0000000100000000)
  region size 1024K, 1 young (1024K), 1 survivors (1024K)
 Metaspace       used 43303K, committed 43840K, reserved 1089536K
  class space    used 5636K, committed 5888K, reserved 1048576K
}
Event: 7.127 GC heap before
{Heap before GC invocations=13 (full 0):
 garbage-first heap   total 48128K, used 34360K [0x0000000084c00000, 0x0000000100000000)
  region size 1024K, 16 young (16384K), 1 survivors (1024K)
 Metaspace       used 47460K, committed 47872K, reserved 1097728K
  class space    used 6189K, committed 6400K, reserved 1048576K
}
Event: 7.129 GC heap after
{Heap after GC invocations=14 (full 0):
 garbage-first heap   total 48128K, used 20702K [0x0000000084c00000, 0x0000000100000000)
  region size 1024K, 2 young (2048K), 2 survivors (2048K)
 Metaspace       used 47460K, committed 47872K, reserved 1097728K
  class space    used 6189K, committed 6400K, reserved 1048576K
}
Event: 7.737 GC heap before
{Heap before GC invocations=14 (full 0):
 garbage-first heap   total 48128K, used 36062K [0x0000000084c00000, 0x0000000100000000)
  region size 1024K, 17 young (17408K), 2 survivors (2048K)
 Metaspace       used 51648K, committed 52160K, reserved 1097728K
  class space    used 6940K, committed 7168K, reserved 1048576K
}
Event: 7.740 GC heap after
{Heap after GC invocations=15 (full 0):
 garbage-first heap   total 48128K, used 21282K [0x0000000084c00000, 0x0000000100000000)
  region size 1024K, 2 young (2048K), 2 survivors (2048K)
 Metaspace       used 51648K, committed 52160K, reserved 1097728K
  class space    used 6940K, committed 7168K, reserved 1048576K
}
Event: 8.161 GC heap before
{Heap before GC invocations=15 (full 0):
 garbage-first heap   total 48128K, used 35618K [0x0000000084c00000, 0x0000000100000000)
  region size 1024K, 17 young (17408K), 2 survivors (2048K)
 Metaspace       used 55077K, committed 55616K, reserved 1097728K
  class space    used 7417K, committed 7680K, reserved 1048576K
}
Event: 8.165 GC heap after
{Heap after GC invocations=16 (full 0):
 garbage-first heap   total 48128K, used 22432K [0x0000000084c00000, 0x0000000100000000)
  region size 1024K, 2 young (2048K), 2 survivors (2048K)
 Metaspace       used 55077K, committed 55616K, reserved 1097728K
  class space    used 7417K, committed 7680K, reserved 1048576K
}
Event: 8.489 GC heap before
{Heap before GC invocations=16 (full 0):
 garbage-first heap   total 48128K, used 37792K [0x0000000084c00000, 0x0000000100000000)
  region size 1024K, 17 young (17408K), 2 survivors (2048K)
 Metaspace       used 57363K, committed 57856K, reserved 1105920K
  class space    used 7738K, committed 7936K, reserved 1048576K
}
Event: 8.492 GC heap after
{Heap after GC invocations=17 (full 0):
 garbage-first heap   total 48128K, used 23272K [0x0000000084c00000, 0x0000000100000000)
  region size 1024K, 2 young (2048K), 2 survivors (2048K)
 Metaspace       used 57363K, committed 57856K, reserved 1105920K
  class space    used 7738K, committed 7936K, reserved 1048576K
}
Event: 8.917 GC heap before
{Heap before GC invocations=17 (full 0):
 garbage-first heap   total 48128K, used 38632K [0x0000000084c00000, 0x0000000100000000)
  region size 1024K, 17 young (17408K), 2 survivors (2048K)
 Metaspace       used 59609K, committed 60160K, reserved 1105920K
  class space    used 8067K, committed 8320K, reserved 1048576K
}
Event: 8.921 GC heap after
{Heap after GC invocations=18 (full 0):
 garbage-first heap   total 48128K, used 24836K [0x0000000084c00000, 0x0000000100000000)
  region size 1024K, 3 young (3072K), 3 survivors (3072K)
 Metaspace       used 59609K, committed 60160K, reserved 1105920K
  class space    used 8067K, committed 8320K, reserved 1048576K
}
Event: 8.969 GC heap before
{Heap before GC invocations=18 (full 0):
 garbage-first heap   total 48128K, used 26884K [0x0000000084c00000, 0x0000000100000000)
  region size 1024K, 6 young (6144K), 3 survivors (3072K)
 Metaspace       used 59954K, committed 60416K, reserved 1105920K
  class space    used 8106K, committed 8320K, reserved 1048576K
}
Event: 8.972 GC heap after
{Heap after GC invocations=19 (full 0):
 garbage-first heap   total 48128K, used 25121K [0x0000000084c00000, 0x0000000100000000)
  region size 1024K, 1 young (1024K), 1 survivors (1024K)
 Metaspace       used 59954K, committed 60416K, reserved 1105920K
  class space    used 8106K, committed 8320K, reserved 1048576K
}
Event: 171.475 GC heap before
{Heap before GC invocations=20 (full 0):
 garbage-first heap   total 48128K, used 38433K [0x0000000084c00000, 0x0000000100000000)
  region size 1024K, 14 young (14336K), 1 survivors (1024K)
 Metaspace       used 60794K, committed 61312K, reserved 1105920K
  class space    used 8266K, committed 8512K, reserved 1048576K
}
Event: 171.501 GC heap after
{Heap after GC invocations=21 (full 0):
 garbage-first heap   total 48128K, used 25921K [0x0000000084c00000, 0x0000000100000000)
  region size 1024K, 2 young (2048K), 2 survivors (2048K)
 Metaspace       used 60794K, committed 61312K, reserved 1105920K
  class space    used 8266K, committed 8512K, reserved 1048576K
}
Event: 171.777 GC heap before
{Heap before GC invocations=21 (full 0):
 garbage-first heap   total 48128K, used 25921K [0x0000000084c00000, 0x0000000100000000)
  region size 1024K, 3 young (3072K), 2 survivors (2048K)
 Metaspace       used 61152K, committed 61696K, reserved 1105920K
  class space    used 8304K, committed 8576K, reserved 1048576K
}
Event: 171.793 GC heap after
{Heap after GC invocations=22 (full 0):
 garbage-first heap   total 48128K, used 25744K [0x0000000084c00000, 0x0000000100000000)
  region size 1024K, 1 young (1024K), 1 survivors (1024K)
 Metaspace       used 61152K, committed 61696K, reserved 1105920K
  class space    used 8304K, committed 8576K, reserved 1048576K
}

Deoptimization events (20 events):
Event: 9.080 Thread 0x000002657fa84dc0 DEOPT PACKING pc=0x0000026507c01c40 sp=0x0000009ff31fdd90
Event: 9.080 Thread 0x000002657fa84dc0 DEOPT UNPACKING pc=0x0000026507585ba3 sp=0x0000009ff31fdd20 mode 2
Event: 9.191 Thread 0x000002657fa84dc0 DEOPT PACKING pc=0x00000265008a017e sp=0x0000009ff31fd5e0
Event: 9.191 Thread 0x000002657fa84dc0 DEOPT UNPACKING pc=0x00000265075866e3 sp=0x0000009ff31fca38 mode 0
Event: 9.208 Thread 0x000002657fa84dc0 Uncommon trap: trap_request=0xffffff45 fr.pc=0x0000026507b62b60 relative=0x0000000000000060
Event: 9.208 Thread 0x000002657fa84dc0 Uncommon trap: reason=unstable_if action=reinterpret pc=0x0000026507b62b60 method=org.springframework.util.ConcurrentReferenceHashMap$Segment.clear()V @ 7 c2
Event: 9.208 Thread 0x000002657fa84dc0 DEOPT PACKING pc=0x0000026507b62b60 sp=0x0000009ff31fe3b0
Event: 9.208 Thread 0x000002657fa84dc0 DEOPT UNPACKING pc=0x0000026507585ba3 sp=0x0000009ff31fe340 mode 2
Event: 9.211 Thread 0x000002657fa84dc0 Uncommon trap: trap_request=0xffffff54 fr.pc=0x0000026507b63070 relative=0x0000000000000230
Event: 9.211 Thread 0x000002657fa84dc0 Uncommon trap: reason=speculate_null_assert action=make_not_entrant pc=0x0000026507b63070 method=org.springframework.util.ConcurrentReferenceHashMap$Segment.restructureIfNecessary(Z)V @ 41 c2
Event: 9.211 Thread 0x000002657fa84dc0 DEOPT PACKING pc=0x0000026507b63070 sp=0x0000009ff31fe400
Event: 9.211 Thread 0x000002657fa84dc0 DEOPT UNPACKING pc=0x0000026507585ba3 sp=0x0000009ff31fe3d8 mode 2
Event: 171.698 Thread 0x0000026518a28420 Uncommon trap: trap_request=0xffffff45 fr.pc=0x0000026507d4f078 relative=0x0000000000000258
Event: 171.698 Thread 0x0000026518a28420 Uncommon trap: reason=unstable_if action=reinterpret pc=0x0000026507d4f078 method=java.lang.invoke.MethodType.equals(Ljava/lang/Object;)Z @ 11 c2
Event: 171.698 Thread 0x0000026518a28420 DEOPT PACKING pc=0x0000026507d4f078 sp=0x0000009ff41fddb0
Event: 171.700 Thread 0x0000026518a28420 DEOPT UNPACKING pc=0x0000026507585ba3 sp=0x0000009ff41fdd78 mode 2
Event: 171.701 Thread 0x0000026518a28420 Uncommon trap: trap_request=0xffffff54 fr.pc=0x0000026507c38e54 relative=0x0000000000004dd4
Event: 171.701 Thread 0x0000026518a28420 Uncommon trap: reason=speculate_null_assert action=make_not_entrant pc=0x0000026507c38e54 method=java.lang.invoke.MethodType$ConcurrentWeakInternSet.add(Ljava/lang/Object;)Ljava/lang/Object; @ 47 c2
Event: 171.701 Thread 0x0000026518a28420 DEOPT PACKING pc=0x0000026507c38e54 sp=0x0000009ff41fdfb0
Event: 171.701 Thread 0x0000026518a28420 DEOPT UNPACKING pc=0x0000026507585ba3 sp=0x0000009ff41fdf48 mode 2

Classes unloaded (0 events):
No events

Classes redefined (0 events):
No events

Internal exceptions (20 events):
Event: 7.890 Thread 0x000002657fa84dc0 Exception <a 'java/lang/NoSuchMethodError'{0x000000008755d7c8}: 'java.lang.Object java.lang.invoke.DirectMethodHandle$Holder.invokeSpecial(java.lang.Object, java.lang.Object, java.lang.Object, java.lang.Object, java.lang.Object, java.lang.Object, java.lang.Object, java.lang.Object, int)'> (0x000000008755d7c8) 
thrown [s\open\src\hotspot\share\interpreter\linkResolver.cpp, line 759]
Event: 7.925 Thread 0x000002657fa84dc0 Exception <a 'java/lang/NoSuchMethodError'{0x0000000087444238}: 'void java.lang.invoke.DirectMethodHandle$Holder.invokeInterface(java.lang.Object, java.lang.Object)'> (0x0000000087444238) 
thrown [s\open\src\hotspot\share\interpreter\linkResolver.cpp, line 759]
Event: 8.154 Thread 0x000002657fa84dc0 Exception <a 'java/lang/IncompatibleClassChangeError'{0x0000000086c94510}: Found class java.lang.Object, but interface was expected> (0x0000000086c94510) 
thrown [s\open\src\hotspot\share\interpreter\linkResolver.cpp, line 826]
Event: 8.169 Thread 0x000002657fa84dc0 Exception <a 'java/lang/IncompatibleClassChangeError'{0x000000008c70c538}: Found class java.lang.Object, but interface was expected> (0x000000008c70c538) 
thrown [s\open\src\hotspot\share\interpreter\linkResolver.cpp, line 826]
Event: 8.216 Thread 0x000002657fa84dc0 Exception <a 'java/lang/IncompatibleClassChangeError'{0x000000008c2c93e8}: Found class java.lang.Object, but interface was expected> (0x000000008c2c93e8) 
thrown [s\open\src\hotspot\share\interpreter\linkResolver.cpp, line 826]
Event: 8.377 Thread 0x000002657fa84dc0 Exception <a 'java/lang/IncompatibleClassChangeError'{0x00000000872861b0}: Found class java.lang.Object, but interface was expected> (0x00000000872861b0) 
thrown [s\open\src\hotspot\share\interpreter\linkResolver.cpp, line 826]
Event: 8.501 Thread 0x000002657fa84dc0 Exception <a 'java/lang/reflect/InvocationTargetException'{0x000000008c7335c8}> (0x000000008c7335c8) 
thrown [s\open\src\hotspot\share\runtime\reflection.cpp, line 1121]
Event: 8.515 Thread 0x000002657fa84dc0 Exception <a 'java/lang/NoSuchMethodError'{0x000000008c7963a0}: 'int java.lang.invoke.DirectMethodHandle$Holder.invokeStatic(java.lang.Object, java.lang.Object, int)'> (0x000000008c7963a0) 
thrown [s\open\src\hotspot\share\interpreter\linkResolver.cpp, line 759]
Event: 8.519 Thread 0x000002657fa84dc0 Exception <a 'java/lang/NoSuchMethodError'{0x000000008c7b3760}: 'java.lang.Object java.lang.invoke.DirectMethodHandle$Holder.newInvokeSpecial(java.lang.Object, java.lang.Object, int)'> (0x000000008c7b3760) 
thrown [s\open\src\hotspot\share\interpreter\linkResolver.cpp, line 759]
Event: 8.526 Thread 0x000002657fa84dc0 Exception <a 'java/lang/NoSuchMethodError'{0x000000008c7d4bc8}: 'java.lang.Object java.lang.invoke.Invokers$Holder.invoke_MT(java.lang.Object, java.lang.Object, java.lang.Object, java.lang.Object, java.lang.Object, java.lang.Object, java.lang.Object, java.lang.Object, java.lang.Object)'> (0x000000008c7d4bc8) 
thrown [s\open\src\hotspot\share\interpreter\linkResolver.cpp, line 759]
Event: 8.531 Thread 0x000002657fa84dc0 Exception <a 'java/lang/IncompatibleClassChangeError'{0x000000008c7ff328}: Found class java.lang.Object, but interface was expected> (0x000000008c7ff328) 
thrown [s\open\src\hotspot\share\interpreter\linkResolver.cpp, line 826]
Event: 8.830 Thread 0x000002657fa84dc0 Exception <a 'java/lang/NoSuchMethodError'{0x0000000086fda870}: 'void java.lang.invoke.DirectMethodHandle$Holder.invokeVirtual(java.lang.Object, java.lang.Object, long)'> (0x0000000086fda870) 
thrown [s\open\src\hotspot\share\interpreter\linkResolver.cpp, line 759]
Event: 9.015 Thread 0x000002657fa84dc0 Exception <a 'java/lang/IncompatibleClassChangeError'{0x000000008c2ae890}: Found class java.lang.Object, but interface was expected> (0x000000008c2ae890) 
thrown [s\open\src\hotspot\share\interpreter\linkResolver.cpp, line 826]
Event: 9.080 Thread 0x000002657fa84dc0 Implicit null exception at 0x0000026507c01a3a to 0x0000026507c01c2c
Event: 9.166 Thread 0x000002657fa84dc0 Exception <a 'java/lang/NoSuchMethodError'{0x0000000087167d00}: 'java.lang.Object java.lang.invoke.DirectMethodHandle$Holder.newInvokeSpecial(java.lang.Object, java.lang.Object, int, java.lang.Object, java.lang.Object)'> (0x0000000087167d00) 
thrown [s\open\src\hotspot\share\interpreter\linkResolver.cpp, line 759]
Event: 9.167 Thread 0x000002657fa84dc0 Exception <a 'java/lang/NoSuchMethodError'{0x0000000087173090}: 'java.lang.Object java.lang.invoke.DirectMethodHandle$Holder.invokeSpecial(java.lang.Object, java.lang.Object, int, java.lang.Object, int, java.lang.Object)'> (0x0000000087173090) 
thrown [s\open\src\hotspot\share\interpreter\linkResolver.cpp, line 759]
Event: 9.168 Thread 0x000002657fa84dc0 Exception <a 'java/lang/NoSuchMethodError'{0x000000008717b0b0}: 'java.lang.Object java.lang.invoke.DirectMethodHandle$Holder.newInvokeSpecial(java.lang.Object, java.lang.Object, int, java.lang.Object, int)'> (0x000000008717b0b0) 
thrown [s\open\src\hotspot\share\interpreter\linkResolver.cpp, line 759]
Event: 9.168 Thread 0x000002657fa84dc0 Exception <a 'java/lang/NoSuchMethodError'{0x000000008717f1b0}: 'java.lang.Object java.lang.invoke.DirectMethodHandle$Holder.invokeSpecial(java.lang.Object, java.lang.Object, java.lang.Object, int, java.lang.Object, int)'> (0x000000008717f1b0) 
thrown [s\open\src\hotspot\share\interpreter\linkResolver.cpp, line 759]
Event: 171.851 Thread 0x0000026518a28420 Exception <a 'java/lang/NoSuchMethodError'{0x000000008c7b0320}: 'java.lang.Object java.lang.invoke.DirectMethodHandle$Holder.invokeSpecial(java.lang.Object, java.lang.Object, java.lang.Object, java.lang.Object, java.lang.Object, long)'> (0x000000008c7b0320) 
thrown [s\open\src\hotspot\share\interpreter\linkResolver.cpp, line 759]
Event: 171.852 Thread 0x0000026518a28420 Exception <a 'java/lang/NoSuchMethodError'{0x000000008c7b3d60}: 'java.lang.Object java.lang.invoke.Invokers$Holder.linkToTargetMethod(java.lang.Object, java.lang.Object, java.lang.Object, long, java.lang.Object)'> (0x000000008c7b3d60) 
thrown [s\open\src\hotspot\share\interpreter\linkResolver.cpp, line 759]

VM Operations (20 events):
Event: 10.213 Executing VM operation: Cleanup
Event: 10.214 Executing VM operation: Cleanup done
Event: 15.273 Executing VM operation: Cleanup
Event: 15.273 Executing VM operation: Cleanup done
Event: 18.302 Executing VM operation: Cleanup
Event: 18.302 Executing VM operation: Cleanup done
Event: 33.413 Executing VM operation: Cleanup
Event: 33.414 Executing VM operation: Cleanup done
Event: 74.780 Executing VM operation: Cleanup
Event: 74.780 Executing VM operation: Cleanup done
Event: 136.307 Executing VM operation: Cleanup
Event: 136.307 Executing VM operation: Cleanup done
Event: 140.333 Executing VM operation: Cleanup
Event: 140.333 Executing VM operation: Cleanup done
Event: 171.474 Executing VM operation: G1CollectForAllocation
Event: 171.501 Executing VM operation: G1CollectForAllocation done
Event: 171.777 Executing VM operation: G1CollectForAllocation
Event: 171.793 Executing VM operation: G1CollectForAllocation done
Event: 171.914 Executing VM operation: HandshakeAllThreads
Event: 171.915 Executing VM operation: HandshakeAllThreads done

Events (20 events):
Event: 171.545 loading class sun/nio/ch/SocketAdaptor
Event: 171.608 loading class sun/nio/ch/SocketAdaptor done
Event: 171.650 loading class sun/nio/ch/SocketChannelImpl$DefaultOptionsHolder
Event: 171.653 loading class sun/nio/ch/SocketChannelImpl$DefaultOptionsHolder done
Event: 171.669 loading class sun/nio/ch/SelectionKeyImpl
Event: 171.674 loading class java/nio/channels/spi/AbstractSelectionKey
Event: 171.675 loading class java/nio/channels/SelectionKey
Event: 171.676 loading class java/nio/channels/SelectionKey done
Event: 171.676 loading class java/nio/channels/spi/AbstractSelectionKey done
Event: 171.676 loading class sun/nio/ch/SelectionKeyImpl done
Event: 171.682 loading class java/lang/invoke/ConstantBootstraps
Event: 171.688 loading class java/lang/invoke/ConstantBootstraps done
Event: 171.865 loading class sun/nio/cs/ThreadLocalCoders
Event: 171.866 loading class sun/nio/cs/ThreadLocalCoders done
Event: 171.866 loading class sun/nio/cs/ThreadLocalCoders$1
Event: 171.866 loading class sun/nio/cs/ThreadLocalCoders$Cache
Event: 171.866 loading class sun/nio/cs/ThreadLocalCoders$Cache done
Event: 171.866 loading class sun/nio/cs/ThreadLocalCoders$1 done
Event: 171.866 loading class sun/nio/cs/ThreadLocalCoders$2
Event: 171.866 loading class sun/nio/cs/ThreadLocalCoders$2 done


Dynamic libraries:
0x00007ff668700000 - 0x00007ff668710000 	C:\Program Files\Java\jdk-17\bin\java.exe
0x00007ffb16f30000 - 0x00007ffb17144000 	C:\WINDOWS\SYSTEM32\ntdll.dll
0x00007ffb16810000 - 0x00007ffb168d2000 	C:\WINDOWS\System32\KERNEL32.DLL
0x00007ffb148f0000 - 0x00007ffb14c93000 	C:\WINDOWS\System32\KERNELBASE.dll
0x00007ffb147d0000 - 0x00007ffb148e1000 	C:\WINDOWS\System32\ucrtbase.dll
0x00007ffaf2ba0000 - 0x00007ffaf2bb9000 	C:\Program Files\Java\jdk-17\bin\jli.dll
0x00007ffadab30000 - 0x00007ffadab4b000 	C:\Program Files\Java\jdk-17\bin\VCRUNTIME140.dll
0x00007ffb15ca0000 - 0x00007ffb15d4e000 	C:\WINDOWS\System32\ADVAPI32.dll
0x00007ffb16c70000 - 0x00007ffb16d17000 	C:\WINDOWS\System32\msvcrt.dll
0x00007ffb15bf0000 - 0x00007ffb15c94000 	C:\WINDOWS\System32\sechost.dll
0x00007ffb150d0000 - 0x00007ffb151e7000 	C:\WINDOWS\System32\RPCRT4.dll
0x00007ffb16d20000 - 0x00007ffb16eca000 	C:\WINDOWS\System32\USER32.dll
0x00007ffb146e0000 - 0x00007ffb14706000 	C:\WINDOWS\System32\win32u.dll
0x00007ffaf2890000 - 0x00007ffaf2b1e000 	C:\WINDOWS\WinSxS\amd64_microsoft.windows.common-controls_6595b64144ccf1df_6.0.22621.1635_none_270f70857386168e\COMCTL32.dll
0x00007ffb153d0000 - 0x00007ffb153f9000 	C:\WINDOWS\System32\GDI32.dll
0x00007ffb14520000 - 0x00007ffb14639000 	C:\WINDOWS\System32\gdi32full.dll
0x00007ffb14640000 - 0x00007ffb146da000 	C:\WINDOWS\System32\msvcp_win.dll
0x00007ffb0c620000 - 0x00007ffb0c62a000 	C:\WINDOWS\SYSTEM32\VERSION.dll
0x00007ffb15ba0000 - 0x00007ffb15bd1000 	C:\WINDOWS\System32\IMM32.DLL
0x00007ffaf0210000 - 0x00007ffaf021c000 	C:\Program Files\Java\jdk-17\bin\vcruntime140_1.dll
0x00007ffad1f90000 - 0x00007ffad201e000 	C:\Program Files\Java\jdk-17\bin\msvcp140.dll
0x00007ffac7570000 - 0x00007ffac814d000 	C:\Program Files\Java\jdk-17\bin\server\jvm.dll
0x00007ffb14f30000 - 0x00007ffb14f38000 	C:\WINDOWS\System32\PSAPI.DLL
0x00007ffae7b60000 - 0x00007ffae7b69000 	C:\WINDOWS\SYSTEM32\WSOCK32.dll
0x00007ffb0ce50000 - 0x00007ffb0ce84000 	C:\WINDOWS\SYSTEM32\WINMM.dll
0x00007ffb14eb0000 - 0x00007ffb14f21000 	C:\WINDOWS\System32\WS2_32.dll
0x00007ffb13330000 - 0x00007ffb13348000 	C:\WINDOWS\SYSTEM32\kernel.appcore.dll
0x00007ffade7f0000 - 0x00007ffade7fa000 	C:\Program Files\Java\jdk-17\bin\jimage.dll
0x00007ffb11d00000 - 0x00007ffb11f2e000 	C:\WINDOWS\SYSTEM32\DBGHELP.DLL
0x00007ffb168e0000 - 0x00007ffb16c69000 	C:\WINDOWS\System32\combase.dll
0x00007ffb14ff0000 - 0x00007ffb150c7000 	C:\WINDOWS\System32\OLEAUT32.dll
0x00007ffaf3eb0000 - 0x00007ffaf3ee2000 	C:\WINDOWS\SYSTEM32\dbgcore.DLL
0x00007ffb14330000 - 0x00007ffb143aa000 	C:\WINDOWS\System32\bcryptPrimitives.dll
0x00007ffb0f940000 - 0x00007ffb0f94e000 	C:\Program Files\Java\jdk-17\bin\instrument.dll
0x00007ffada930000 - 0x00007ffada955000 	C:\Program Files\Java\jdk-17\bin\java.dll
0x00007ffac8380000 - 0x00007ffac8457000 	C:\Program Files\Java\jdk-17\bin\jsvml.dll
0x00007ffb15dc0000 - 0x00007ffb165b9000 	C:\WINDOWS\System32\SHELL32.dll
0x00007ffb122d0000 - 0x00007ffb12b9e000 	C:\WINDOWS\SYSTEM32\windows.storage.dll
0x00007ffb12190000 - 0x00007ffb122ce000 	C:\WINDOWS\SYSTEM32\wintypes.dll
0x00007ffb166b0000 - 0x00007ffb167a1000 	C:\WINDOWS\System32\SHCORE.dll
0x00007ffb167b0000 - 0x00007ffb1680e000 	C:\WINDOWS\System32\shlwapi.dll
0x00007ffb14260000 - 0x00007ffb14286000 	C:\WINDOWS\SYSTEM32\profapi.dll
0x00007ffac8360000 - 0x00007ffac8378000 	C:\Program Files\Java\jdk-17\bin\zip.dll
0x00007ffad26f0000 - 0x00007ffad2709000 	C:\Program Files\Java\jdk-17\bin\net.dll
0x00007ffb0d0b0000 - 0x00007ffb0d1e7000 	C:\WINDOWS\SYSTEM32\WINHTTP.dll
0x00007ffb137a0000 - 0x00007ffb13809000 	C:\WINDOWS\system32\mswsock.dll
0x00007ffad2600000 - 0x00007ffad2616000 	C:\Program Files\Java\jdk-17\bin\nio.dll
0x00007ffb0f8f0000 - 0x00007ffb0f90a000 	C:\Program Files\JetBrains\IntelliJ IDEA Community Edition 2023.1.2\bin\breakgen64.dll
0x00007ffb0f930000 - 0x00007ffb0f93a000 	C:\Program Files\Java\jdk-17\bin\management.dll
0x00007ffb0f920000 - 0x00007ffb0f92b000 	C:\Program Files\Java\jdk-17\bin\management_ext.dll
0x00007ffb139c0000 - 0x00007ffb139db000 	C:\WINDOWS\SYSTEM32\CRYPTSP.dll
0x00007ffb132a0000 - 0x00007ffb132d5000 	C:\WINDOWS\system32\rsaenh.dll
0x00007ffb13850000 - 0x00007ffb1387c000 	C:\WINDOWS\SYSTEM32\USERENV.dll
0x00007ffb13c10000 - 0x00007ffb13c38000 	C:\WINDOWS\SYSTEM32\bcrypt.dll
0x00007ffb139b0000 - 0x00007ffb139bc000 	C:\WINDOWS\SYSTEM32\CRYPTBASE.dll
0x00007ffb12e00000 - 0x00007ffb12e2d000 	C:\WINDOWS\SYSTEM32\IPHLPAPI.DLL
0x00007ffb15be0000 - 0x00007ffb15be9000 	C:\WINDOWS\System32\NSI.dll
0x00007ffb0cca0000 - 0x00007ffb0ccb9000 	C:\WINDOWS\SYSTEM32\dhcpcsvc6.DLL
0x00007ffb0cc80000 - 0x00007ffb0cc9f000 	C:\WINDOWS\SYSTEM32\dhcpcsvc.DLL
0x00007ffb12e70000 - 0x00007ffb12f63000 	C:\WINDOWS\SYSTEM32\DNSAPI.dll
0x00007ffb0f910000 - 0x00007ffb0f91d000 	C:\Program Files\Java\jdk-17\bin\sunmscapi.dll
0x00007ffb143b0000 - 0x00007ffb14517000 	C:\WINDOWS\System32\CRYPT32.dll
0x00007ffb13be0000 - 0x00007ffb13c0e000 	C:\WINDOWS\SYSTEM32\ncrypt.dll
0x00007ffb13ba0000 - 0x00007ffb13bd7000 	C:\WINDOWS\SYSTEM32\NTASN1.dll
0x00007ffac8340000 - 0x00007ffac8350000 	C:\Program Files\Java\jdk-17\bin\verify.dll
0x00007ffb09ee0000 - 0x00007ffb09eea000 	C:\Windows\System32\rasadhlp.dll
0x00007ffb0b630000 - 0x00007ffb0b6b4000 	C:\WINDOWS\System32\fwpuclnt.dll
0x00007ffa62b80000 - 0x00007ffa62b88000 	C:\WINDOWS\system32\wshunix.dll

dbghelp: loaded successfully - version: 4.0.5 - missing functions: none
symbol engine: initialized successfully - sym options: 0x614 - pdb path: .;C:\Program Files\Java\jdk-17\bin;C:\WINDOWS\SYSTEM32;C:\WINDOWS\WinSxS\amd64_microsoft.windows.common-controls_6595b64144ccf1df_6.0.22621.1635_none_270f70857386168e;C:\Program Files\Java\jdk-17\bin\server;C:\Program Files\JetBrains\IntelliJ IDEA Community Edition 2023.1.2\bin

VM Arguments:
jvm_args: -javaagent:C:\Program Files\JetBrains\IntelliJ IDEA Community Edition 2023.1.2\lib\idea_rt.jar=61082:C:\Program Files\JetBrains\IntelliJ IDEA Community Edition 2023.1.2\bin -Dfile.encoding=UTF-8 
java_command: com.example.SpringProjectSQL.SpringProjectSqlApplication
java_class_path (initial): D:\java sample projects\SpringProjectSQL\SpringProjectSQL\target\classes;C:\Users\ravi Kannegundla\.m2\repository\org\springframework\boot\spring-boot-starter-data-jpa\3.1.1\spring-boot-starter-data-jpa-3.1.1.jar;C:\Users\ravi Kannegundla\.m2\repository\org\springframework\boot\spring-boot-starter-aop\3.1.1\spring-boot-starter-aop-3.1.1.jar;C:\Users\ravi Kannegundla\.m2\repository\org\springframework\spring-aop\6.0.10\spring-aop-6.0.10.jar;C:\Users\ravi Kannegundla\.m2\repository\org\aspectj\aspectjweaver\1.9.19\aspectjweaver-1.9.19.jar;C:\Users\ravi Kannegundla\.m2\repository\org\springframework\boot\spring-boot-starter-jdbc\3.1.1\spring-boot-starter-jdbc-3.1.1.jar;C:\Users\ravi Kannegundla\.m2\repository\com\zaxxer\HikariCP\5.0.1\HikariCP-5.0.1.jar;C:\Users\ravi Kannegundla\.m2\repository\org\springframework\spring-jdbc\6.0.10\spring-jdbc-6.0.10.jar;C:\Users\ravi Kannegundla\.m2\repository\org\hibernate\orm\hibernate-core\6.2.5.Final\hibernate-core-6.2.5.Final.jar;C:\Users\ravi Kannegundla\.m2\repository\jakarta\persistence\jakarta.persistence-api\3.1.0\jakarta.persistence-api-3.1.0.jar;C:\Users\ravi Kannegundla\.m2\repository\jakarta\transaction\jakarta.transaction-api\2.0.1\jakarta.transaction-api-2.0.1.jar;C:\Users\ravi Kannegundla\.m2\repository\org\jboss\logging\jboss-logging\3.5.1.Final\jboss-logging-3.5.1.Final.jar;C:\Users\ravi Kannegundla\.m2\repository\org\hibernate\common\hibernate-commons-annotations\6.0.6.Final\hibernate-commons-annotations-6.0.6.Final.jar;C:\Users\ravi Kannegundla\.m2\repository\io\smallrye\jandex\3.0.5\jandex-3.0.5.jar;C:\Users\ravi Kannegundla\.m2\repository\com\fasterxml\classmate\1.5.1\classmate-1.5.1.jar;C:\Users\ravi Kannegundla\.m2\repository\net\bytebuddy\byte-buddy\1.14.5\byte-buddy-1.14.5.jar;C:\Users\ravi Kannegundla\.m2\repository\org\glassfish\jaxb\jaxb-runtime\4.0.3\jaxb-runtime-4.0.3.jar;C:\Users\ravi Kannegundla\.m2\repository\org\glassfish\jaxb\jaxb-core\4.0.3\jaxb-core-4.0.3.jar;C:\Users
Launcher Type: SUN_STANDARD

[Global flags]
     intx CICompilerCount                          = 4                                         {product} {ergonomic}
     uint ConcGCThreads                            = 2                                         {product} {ergonomic}
     uint G1ConcRefinementThreads                  = 8                                         {product} {ergonomic}
   size_t G1HeapRegionSize                         = 1048576                                   {product} {ergonomic}
    uintx GCDrainStackTargetSize                   = 64                                        {product} {ergonomic}
   size_t InitialHeapSize                          = 130023424                                 {product} {ergonomic}
   size_t MarkStackSize                            = 4194304                                   {product} {ergonomic}
   size_t MaxHeapSize                              = 2067791872                                {product} {ergonomic}
   size_t MaxNewSize                               = 1240465408                                {product} {ergonomic}
   size_t MinHeapDeltaBytes                        = 1048576                                   {product} {ergonomic}
   size_t MinHeapSize                              = 8388608                                   {product} {ergonomic}
    uintx NonNMethodCodeHeapSize                   = 5839372                                {pd product} {ergonomic}
    uintx NonProfiledCodeHeapSize                  = 122909434                              {pd product} {ergonomic}
    uintx ProfiledCodeHeapSize                     = 122909434                              {pd product} {ergonomic}
    uintx ReservedCodeCacheSize                    = 251658240                              {pd product} {ergonomic}
     bool SegmentedCodeCache                       = true                                      {product} {ergonomic}
   size_t SoftMaxHeapSize                          = 2067791872                             {manageable} {ergonomic}
     bool UseCompressedClassPointers               = true                           {product lp64_product} {ergonomic}
     bool UseCompressedOops                        = true                           {product lp64_product} {ergonomic}
     bool UseG1GC                                  = true                                      {product} {ergonomic}
     bool UseLargePagesIndividualAllocation        = false                                  {pd product} {ergonomic}

Logging:
Log output configuration:
 #0: stdout all=warning uptime,level,tags
 #1: stderr all=off uptime,level,tags

Environment Variables:
PATH=C:\Program Files\Common Files\Oracle\Java\javapath;C:\Program Files (x86)\Common Files\Oracle\Java\javapath;C:\WINDOWS\system32;C:\WINDOWS;C:\WINDOWS\System32\Wbem;C:\WINDOWS\System32\WindowsPowerShell\v1.0\;C:\WINDOWS\System32\OpenSSH\;C:\Program Files\nodejs\;C:\Program Files\Git\cmd;C:\Maven\apache-maven-3.9.3\bin;C:\Program Files\MySQL\MySQL Shell 8.0\bin\;C:\Users\ravi Kannegundla\AppData\Local\Microsoft\WindowsApps;C:\Users\ravi Kannegundla\AppData\Roaming\npm;C:\Users\ravi Kannegundla\AppData\Local\Programs\Microsoft VS Code\bin
USERNAME=ravi Kannegundla
OS=Windows_NT
PROCESSOR_IDENTIFIER=Intel64 Family 6 Model 126 Stepping 5, GenuineIntel



---------------  S Y S T E M  ---------------

OS:
 Windows 11 , 64 bit Build 22621 (10.0.22621.1928)
OS uptime: 0 days 4:06 hours
Hyper-V role detected

CPU: total 8 (initial active 8) (4 cores per cpu, 2 threads per core) family 6 model 126 stepping 5 microcode 0xa8, cx8, cmov, fxsr, ht, mmx, 3dnowpref, sse, sse2, sse3, ssse3, sse4.1, sse4.2, popcnt, lzcnt, tsc, tscinvbit, avx, avx2, aes, erms, clmul, bmi1, bmi2, adx, avx512f, avx512dq, avx512cd, avx512bw, avx512vl, sha, fma, vzeroupper, avx512_vpopcntdq, avx512_vpclmulqdq, avx512_vaes, avx512_vnni, clflush, clflushopt, avx512_vbmi2, avx512_vbmi, hv

Memory: 4k page, system-wide physical 7880M (429M free)
TotalPageFile size 26066M (AvailPageFile size 0M)
current process WorkingSet (physical memory assigned to process): 119M, peak: 229M
current process commit charge ("private bytes"): 244M, peak: 271M

vm_info: Java HotSpot(TM) 64-Bit Server VM (17.0.7+8-LTS-224) for windows-amd64 JRE (17.0.7+8-LTS-224), built on Feb 28 2023 23:03:02 by "mach5one" with MS VC++ 17.1 (VS2022)

END.
