#
# There is insufficient memory for the Java Runtime Environment to continue.
# Native memory allocation (mmap) failed to map 130023424 bytes for G1 virtual space
# Possible reasons:
#   The system is out of physical RAM or swap space
#   The process is running with CompressedOops enabled, and the Java Heap may be blocking the growth of the native heap
# Possible solutions:
#   Reduce memory load on the system
#   Increase physical memory or swap space
#   Check if swap backing store is full
#   Decrease Java heap size (-Xmx/-Xms)
#   Decrease number of Java threads
#   Decrease Java thread stack sizes (-Xss)
#   Set larger code cache with -XX:ReservedCodeCacheSize=
#   JVM is running with Unscaled Compressed Oops mode in which the Java heap is
#     placed in the first 4GB address space. The Java Heap base address is the
#     maximum limit for the native heap growth. Please use -XX:HeapBaseMinAddress
#     to set the Java Heap base and to place the Java Heap above 4GB virtual address.
# This output file may be truncated or incomplete.
#
#  Out of Memory Error (os_windows.cpp:3550), pid=25148, tid=11088
#
# JRE version:  (17.0.7+8) (build )
# Java VM: Java HotSpot(TM) 64-Bit Server VM (17.0.7+8-LTS-224, mixed mode, sharing, tiered, compressed oops, compressed class ptrs, g1 gc, windows-amd64)
# No core dump will be written. Minidumps are not enabled by default on client versions of Windows
#

---------------  S U M M A R Y ------------

Command Line: -javaagent:C:\Program Files\JetBrains\IntelliJ IDEA Community Edition 2023.1.2\lib\idea_rt.jar=61038:C:\Program Files\JetBrains\IntelliJ IDEA Community Edition 2023.1.2\bin -Dfile.encoding=UTF-8 com.example.SpringProjectSQL.SpringProjectSqlApplication

Host: Intel(R) Core(TM) i5-1035G1 CPU @ 1.00GHz, 8 cores, 7G,  Windows 11 , 64 bit Build 22621 (10.0.22621.1928)
Time: Mon Jul 10 14:52:51 2023 Central Daylight Time elapsed time: 0.043381 seconds (0d 0h 0m 0s)

---------------  T H R E A D  ---------------

Current thread (0x000001c516bd5f60):  JavaThread "Unknown thread" [_thread_in_vm, id=11088, stack(0x00000092df400000,0x00000092df500000)]

Stack: [0x00000092df400000,0x00000092df500000]
Native frames: (J=compiled Java code, j=interpreted, Vv=VM code, C=native code)
V  [jvm.dll+0x676a4a]
V  [jvm.dll+0x7d74f4]
V  [jvm.dll+0x7d8c9e]
V  [jvm.dll+0x7d9303]
V  [jvm.dll+0x2452c5]
V  [jvm.dll+0x6738f9]
V  [jvm.dll+0x668232]
V  [jvm.dll+0x302826]
V  [jvm.dll+0x309da6]
V  [jvm.dll+0x35952e]
V  [jvm.dll+0x35975f]
V  [jvm.dll+0x2d9a38]
V  [jvm.dll+0x2da9a4]
V  [jvm.dll+0x7a8fb1]
V  [jvm.dll+0x3670e1]
V  [jvm.dll+0x788359]
V  [jvm.dll+0x3ea5ef]
V  [jvm.dll+0x3ec071]
C  [jli.dll+0x5297]
C  [ucrtbase.dll+0x29363]
C  [KERNEL32.DLL+0x126ad]
C  [ntdll.dll+0x5aa68]


---------------  P R O C E S S  ---------------

Threads class SMR info:
_java_thread_list=0x00007ffac8024998, length=0, elements={
}

Java Threads: ( => current thread )

Other Threads:
  0x000001c516c30180 GCTaskThread "GC Thread#0" [stack: 0x00000092df500000,0x00000092df600000] [id=25844]
  0x000001c516c408a0 ConcurrentGCThread "G1 Main Marker" [stack: 0x00000092df600000,0x00000092df700000] [id=15620]
  0x000001c516c42d00 ConcurrentGCThread "G1 Conc#0" [stack: 0x00000092df700000,0x00000092df800000] [id=7580]

[error occurred during error reporting (printing all threads), id 0xc0000005, EXCEPTION_ACCESS_VIOLATION (0xc0000005) at pc=0x00007ffac785a697]

VM state: not at safepoint (not fully initialized)

VM Mutex/Monitor currently owned by a thread:  ([mutex/lock_event])
[0x000001c516bd26b0] Heap_lock - owner thread: 0x000001c516bd5f60

Heap address: 0x0000000084c00000, size: 1972 MB, Compressed Oops mode: 32-bit

CDS archive(s) mapped at: [0x0000000000000000-0x0000000000000000-0x0000000000000000), size 0, SharedBaseAddress: 0x0000000800000000, ArchiveRelocationMode: 0.
Narrow klass base: 0x0000000000000000, Narrow klass shift: 0, Narrow klass range: 0x0

GC Precious Log:
<Empty>

Heap:
 garbage-first heap   total 0K, used 0K [0x0000000084c00000, 0x0000000100000000)
  region size 1024K, 0 young (0K), 0 survivors (0K)

[error occurred during error reporting (printing heap information), id 0xc0000005, EXCEPTION_ACCESS_VIOLATION (0xc0000005) at pc=0x00007ffac7c400b9]

GC Heap History (0 events):
No events

Deoptimization events (0 events):
No events

Classes unloaded (0 events):
No events

Classes redefined (0 events):
No events

Internal exceptions (0 events):
No events

VM Operations (0 events):
No events

Events (1 events):
Event: 0.032 Loaded shared library C:\Program Files\Java\jdk-17\bin\java.dll


Dynamic libraries:
0x00007ff668700000 - 0x00007ff668710000 	C:\Program Files\Java\jdk-17\bin\java.exe
0x00007ffb16f30000 - 0x00007ffb17144000 	C:\WINDOWS\SYSTEM32\ntdll.dll
0x00007ffb16810000 - 0x00007ffb168d2000 	C:\WINDOWS\System32\KERNEL32.DLL
0x00007ffb148f0000 - 0x00007ffb14c93000 	C:\WINDOWS\System32\KERNELBASE.dll
0x00007ffb147d0000 - 0x00007ffb148e1000 	C:\WINDOWS\System32\ucrtbase.dll
0x00007ffadab30000 - 0x00007ffadab4b000 	C:\Program Files\Java\jdk-17\bin\VCRUNTIME140.dll
0x00007ffaf2ba0000 - 0x00007ffaf2bb9000 	C:\Program Files\Java\jdk-17\bin\jli.dll
0x00007ffb15ca0000 - 0x00007ffb15d4e000 	C:\WINDOWS\System32\ADVAPI32.dll
0x00007ffb16c70000 - 0x00007ffb16d17000 	C:\WINDOWS\System32\msvcrt.dll
0x00007ffb15bf0000 - 0x00007ffb15c94000 	C:\WINDOWS\System32\sechost.dll
0x00007ffb150d0000 - 0x00007ffb151e7000 	C:\WINDOWS\System32\RPCRT4.dll
0x00007ffb16d20000 - 0x00007ffb16eca000 	C:\WINDOWS\System32\USER32.dll
0x00007ffb146e0000 - 0x00007ffb14706000 	C:\WINDOWS\System32\win32u.dll
0x00007ffaf2890000 - 0x00007ffaf2b1e000 	C:\WINDOWS\WinSxS\amd64_microsoft.windows.common-controls_6595b64144ccf1df_6.0.22621.1635_none_270f70857386168e\COMCTL32.dll
0x00007ffb153d0000 - 0x00007ffb153f9000 	C:\WINDOWS\System32\GDI32.dll
0x00007ffb14520000 - 0x00007ffb14639000 	C:\WINDOWS\System32\gdi32full.dll
0x00007ffb14640000 - 0x00007ffb146da000 	C:\WINDOWS\System32\msvcp_win.dll
0x00007ffb0c620000 - 0x00007ffb0c62a000 	C:\WINDOWS\SYSTEM32\VERSION.dll
0x00007ffb15ba0000 - 0x00007ffb15bd1000 	C:\WINDOWS\System32\IMM32.DLL
0x00007ffaf0210000 - 0x00007ffaf021c000 	C:\Program Files\Java\jdk-17\bin\vcruntime140_1.dll
0x00007ffad1f90000 - 0x00007ffad201e000 	C:\Program Files\Java\jdk-17\bin\msvcp140.dll
0x00007ffac7570000 - 0x00007ffac814d000 	C:\Program Files\Java\jdk-17\bin\server\jvm.dll
0x00007ffb14f30000 - 0x00007ffb14f38000 	C:\WINDOWS\System32\PSAPI.DLL
0x00007ffae7b60000 - 0x00007ffae7b69000 	C:\WINDOWS\SYSTEM32\WSOCK32.dll
0x00007ffb0ce50000 - 0x00007ffb0ce84000 	C:\WINDOWS\SYSTEM32\WINMM.dll
0x00007ffb14eb0000 - 0x00007ffb14f21000 	C:\WINDOWS\System32\WS2_32.dll
0x00007ffb13330000 - 0x00007ffb13348000 	C:\WINDOWS\SYSTEM32\kernel.appcore.dll
0x00007ffade7f0000 - 0x00007ffade7fa000 	C:\Program Files\Java\jdk-17\bin\jimage.dll
0x00007ffb11d00000 - 0x00007ffb11f2e000 	C:\WINDOWS\SYSTEM32\DBGHELP.DLL
0x00007ffb168e0000 - 0x00007ffb16c69000 	C:\WINDOWS\System32\combase.dll
0x00007ffb14ff0000 - 0x00007ffb150c7000 	C:\WINDOWS\System32\OLEAUT32.dll
0x00007ffaf3eb0000 - 0x00007ffaf3ee2000 	C:\WINDOWS\SYSTEM32\dbgcore.DLL
0x00007ffb14330000 - 0x00007ffb143aa000 	C:\WINDOWS\System32\bcryptPrimitives.dll
0x00007ffb0f860000 - 0x00007ffb0f86e000 	C:\Program Files\Java\jdk-17\bin\instrument.dll
0x00007ffada930000 - 0x00007ffada955000 	C:\Program Files\Java\jdk-17\bin\java.dll

dbghelp: loaded successfully - version: 4.0.5 - missing functions: none
symbol engine: initialized successfully - sym options: 0x614 - pdb path: .;C:\Program Files\Java\jdk-17\bin;C:\WINDOWS\SYSTEM32;C:\WINDOWS\WinSxS\amd64_microsoft.windows.common-controls_6595b64144ccf1df_6.0.22621.1635_none_270f70857386168e;C:\Program Files\Java\jdk-17\bin\server

VM Arguments:
jvm_args: -javaagent:C:\Program Files\JetBrains\IntelliJ IDEA Community Edition 2023.1.2\lib\idea_rt.jar=61038:C:\Program Files\JetBrains\IntelliJ IDEA Community Edition 2023.1.2\bin -Dfile.encoding=UTF-8 
java_command: com.example.SpringProjectSQL.SpringProjectSqlApplication
java_class_path (initial): D:\java sample projects\SpringProjectSQL\SpringProjectSQL\target\classes;C:\Users\ravi Kannegundla\.m2\repository\org\springframework\boot\spring-boot-starter-data-jpa\3.1.1\spring-boot-starter-data-jpa-3.1.1.jar;C:\Users\ravi Kannegundla\.m2\repository\org\springframework\boot\spring-boot-starter-aop\3.1.1\spring-boot-starter-aop-3.1.1.jar;C:\Users\ravi Kannegundla\.m2\repository\org\springframework\spring-aop\6.0.10\spring-aop-6.0.10.jar;C:\Users\ravi Kannegundla\.m2\repository\org\aspectj\aspectjweaver\1.9.19\aspectjweaver-1.9.19.jar;C:\Users\ravi Kannegundla\.m2\repository\org\springframework\boot\spring-boot-starter-jdbc\3.1.1\spring-boot-starter-jdbc-3.1.1.jar;C:\Users\ravi Kannegundla\.m2\repository\com\zaxxer\HikariCP\5.0.1\HikariCP-5.0.1.jar;C:\Users\ravi Kannegundla\.m2\repository\org\springframework\spring-jdbc\6.0.10\spring-jdbc-6.0.10.jar;C:\Users\ravi Kannegundla\.m2\repository\org\hibernate\orm\hibernate-core\6.2.5.Final\hibernate-core-6.2.5.Final.jar;C:\Users\ravi Kannegundla\.m2\repository\jakarta\persistence\jakarta.persistence-api\3.1.0\jakarta.persistence-api-3.1.0.jar;C:\Users\ravi Kannegundla\.m2\repository\jakarta\transaction\jakarta.transaction-api\2.0.1\jakarta.transaction-api-2.0.1.jar;C:\Users\ravi Kannegundla\.m2\repository\org\jboss\logging\jboss-logging\3.5.1.Final\jboss-logging-3.5.1.Final.jar;C:\Users\ravi Kannegundla\.m2\repository\org\hibernate\common\hibernate-commons-annotations\6.0.6.Final\hibernate-commons-annotations-6.0.6.Final.jar;C:\Users\ravi Kannegundla\.m2\repository\io\smallrye\jandex\3.0.5\jandex-3.0.5.jar;C:\Users\ravi Kannegundla\.m2\repository\com\fasterxml\classmate\1.5.1\classmate-1.5.1.jar;C:\Users\ravi Kannegundla\.m2\repository\net\bytebuddy\byte-buddy\1.14.5\byte-buddy-1.14.5.jar;C:\Users\ravi Kannegundla\.m2\repository\org\glassfish\jaxb\jaxb-runtime\4.0.3\jaxb-runtime-4.0.3.jar;C:\Users\ravi Kannegundla\.m2\repository\org\glassfish\jaxb\jaxb-core\4.0.3\jaxb-core-4.0.3.jar;C:\Users
Launcher Type: SUN_STANDARD

[Global flags]
     intx CICompilerCount                          = 4                                         {product} {ergonomic}
     uint ConcGCThreads                            = 2                                         {product} {ergonomic}
     uint G1ConcRefinementThreads                  = 8                                         {product} {ergonomic}
   size_t G1HeapRegionSize                         = 1048576                                   {product} {ergonomic}
    uintx GCDrainStackTargetSize                   = 64                                        {product} {ergonomic}
   size_t InitialHeapSize                          = 130023424                                 {product} {ergonomic}
   size_t MarkStackSize                            = 4194304                                   {product} {ergonomic}
   size_t MaxHeapSize                              = 2067791872                                {product} {ergonomic}
   size_t MinHeapDeltaBytes                        = 1048576                                   {product} {ergonomic}
   size_t MinHeapSize                              = 8388608                                   {product} {ergonomic}
    uintx NonNMethodCodeHeapSize                   = 5839372                                {pd product} {ergonomic}
    uintx NonProfiledCodeHeapSize                  = 122909434                              {pd product} {ergonomic}
    uintx ProfiledCodeHeapSize                     = 122909434                              {pd product} {ergonomic}
    uintx ReservedCodeCacheSize                    = 251658240                              {pd product} {ergonomic}
     bool SegmentedCodeCache                       = true                                      {product} {ergonomic}
   size_t SoftMaxHeapSize                          = 2067791872                             {manageable} {ergonomic}
     bool UseCompressedClassPointers               = true                           {product lp64_product} {ergonomic}
     bool UseCompressedOops                        = true                           {product lp64_product} {ergonomic}
     bool UseG1GC                                  = true                                      {product} {ergonomic}
     bool UseLargePagesIndividualAllocation        = false                                  {pd product} {ergonomic}

Logging:
Log output configuration:
 #0: stdout all=warning uptime,level,tags
 #1: stderr all=off uptime,level,tags

Environment Variables:
PATH=C:\Program Files\Common Files\Oracle\Java\javapath;C:\Program Files (x86)\Common Files\Oracle\Java\javapath;C:\WINDOWS\system32;C:\WINDOWS;C:\WINDOWS\System32\Wbem;C:\WINDOWS\System32\WindowsPowerShell\v1.0\;C:\WINDOWS\System32\OpenSSH\;C:\Program Files\nodejs\;C:\Program Files\Git\cmd;C:\Maven\apache-maven-3.9.3\bin;C:\Program Files\MySQL\MySQL Shell 8.0\bin\;C:\Users\ravi Kannegundla\AppData\Local\Microsoft\WindowsApps;C:\Users\ravi Kannegundla\AppData\Roaming\npm;C:\Users\ravi Kannegundla\AppData\Local\Programs\Microsoft VS Code\bin
USERNAME=ravi Kannegundla
OS=Windows_NT
PROCESSOR_IDENTIFIER=Intel64 Family 6 Model 126 Stepping 5, GenuineIntel



---------------  S Y S T E M  ---------------

OS:
 Windows 11 , 64 bit Build 22621 (10.0.22621.1928)
OS uptime: 0 days 4:02 hours
Hyper-V role detected

CPU: total 8 (initial active 8) (4 cores per cpu, 2 threads per core) family 6 model 126 stepping 5 microcode 0xa8, cx8, cmov, fxsr, ht, mmx, 3dnowpref, sse, sse2, sse3, ssse3, sse4.1, sse4.2, popcnt, lzcnt, tsc, tscinvbit, avx, avx2, aes, erms, clmul, bmi1, bmi2, adx, avx512f, avx512dq, avx512cd, avx512bw, avx512vl, sha, fma, vzeroupper, avx512_vpopcntdq, avx512_vpclmulqdq, avx512_vaes, avx512_vnni, clflush, clflushopt, avx512_vbmi2, avx512_vbmi, hv

Memory: 4k page, system-wide physical 7880M (502M free)
TotalPageFile size 26061M (AvailPageFile size 90M)
current process WorkingSet (physical memory assigned to process): 11M, peak: 11M
current process commit charge ("private bytes"): 60M, peak: 184M

vm_info: Java HotSpot(TM) 64-Bit Server VM (17.0.7+8-LTS-224) for windows-amd64 JRE (17.0.7+8-LTS-224), built on Feb 28 2023 23:03:02 by "mach5one" with MS VC++ 17.1 (VS2022)

END.
