#
# There is insufficient memory for the Java Runtime Environment to continue.
# Native memory allocation (mmap) failed to map 130023424 bytes for G1 virtual space
# Possible reasons:
#   The system is out of physical RAM or swap space
#   The process is running with CompressedOops enabled, and the Java Heap may be blocking the growth of the native heap
# Possible solutions:
#   Reduce memory load on the system
#   Increase physical memory or swap space
#   Check if swap backing store is full
#   Decrease Java heap size (-Xmx/-Xms)
#   Decrease number of Java threads
#   Decrease Java thread stack sizes (-Xss)
#   Set larger code cache with -XX:ReservedCodeCacheSize=
#   JVM is running with Unscaled Compressed Oops mode in which the Java heap is
#     placed in the first 4GB address space. The Java Heap base address is the
#     maximum limit for the native heap growth. Please use -XX:HeapBaseMinAddress
#     to set the Java Heap base and to place the Java Heap above 4GB virtual address.
# This output file may be truncated or incomplete.
#
#  Out of Memory Error (os_windows.cpp:3550), pid=19960, tid=19152
#
# JRE version:  (17.0.7+8) (build )
# Java VM: Java HotSpot(TM) 64-Bit Server VM (17.0.7+8-LTS-224, mixed mode, sharing, tiered, compressed oops, compressed class ptrs, g1 gc, windows-amd64)
# No core dump will be written. Minidumps are not enabled by default on client versions of Windows
#

---------------  S U M M A R Y ------------

Command Line: -Dnet.bytebuddy.agent.attacher.dump= net.bytebuddy.agent.Attacher com.sun.tools.attach.VirtualMachine 18188 C:\Users\ravi Kannegundla\.m2\repository\net\bytebuddy\byte-buddy-agent\1.14.5\byte-buddy-agent-1.14.5.jar false 

Host: Intel(R) Core(TM) i5-1035G1 CPU @ 1.00GHz, 8 cores, 7G,  Windows 11 , 64 bit Build 22621 (10.0.22621.1928)
Time: Tue Jul 11 12:58:22 2023 Central Daylight Time elapsed time: 0.020002 seconds (0d 0h 0m 0s)

---------------  T H R E A D  ---------------

Current thread (0x000001aff5f59fa0):  JavaThread "Unknown thread" [_thread_in_vm, id=19152, stack(0x000000531d000000,0x000000531d100000)]

Stack: [0x000000531d000000,0x000000531d100000]
Native frames: (J=compiled Java code, j=interpreted, Vv=VM code, C=native code)
V  [jvm.dll+0x676a4a]
V  [jvm.dll+0x7d74f4]
V  [jvm.dll+0x7d8c9e]
V  [jvm.dll+0x7d9303]
V  [jvm.dll+0x2452c5]
V  [jvm.dll+0x6738f9]
V  [jvm.dll+0x668232]
V  [jvm.dll+0x302826]
V  [jvm.dll+0x309da6]
V  [jvm.dll+0x35952e]
V  [jvm.dll+0x35975f]
V  [jvm.dll+0x2d9a38]
V  [jvm.dll+0x2da9a4]
V  [jvm.dll+0x7a8fb1]
V  [jvm.dll+0x3670e1]
V  [jvm.dll+0x788359]
V  [jvm.dll+0x3ea5ef]
V  [jvm.dll+0x3ec071]
C  [jli.dll+0x5297]
C  [ucrtbase.dll+0x29363]
C  [KERNEL32.DLL+0x126ad]
C  [ntdll.dll+0x5aa68]


---------------  P R O C E S S  ---------------

Threads class SMR info:
_java_thread_list=0x00007fffb7604998, length=0, elements={
}

Java Threads: ( => current thread )

Other Threads:
  0x000001aff5fb2630 GCTaskThread "GC Thread#0" [stack: 0x000000531d100000,0x000000531d200000] [id=14276]
  0x000001aff5fc2d50 ConcurrentGCThread "G1 Main Marker" [stack: 0x000000531d200000,0x000000531d300000] [id=24488]
  0x000001aff5fc3760 ConcurrentGCThread "G1 Conc#0" [stack: 0x000000531d300000,0x000000531d400000] [id=10600]

[error occurred during error reporting (printing all threads), id 0xc0000005, EXCEPTION_ACCESS_VIOLATION (0xc0000005) at pc=0x00007fffb6e3a697]

VM state: not at safepoint (not fully initialized)

VM Mutex/Monitor currently owned by a thread:  ([mutex/lock_event])
[0x000001aff5f55c90] Heap_lock - owner thread: 0x000001aff5f59fa0

Heap address: 0x0000000084c00000, size: 1972 MB, Compressed Oops mode: 32-bit

CDS archive(s) mapped at: [0x0000000000000000-0x0000000000000000-0x0000000000000000), size 0, SharedBaseAddress: 0x0000000800000000, ArchiveRelocationMode: 0.
Narrow klass base: 0x0000000000000000, Narrow klass shift: 0, Narrow klass range: 0x0

GC Precious Log:
<Empty>

Heap:
 garbage-first heap   total 0K, used 0K [0x0000000084c00000, 0x0000000100000000)
  region size 1024K, 0 young (0K), 0 survivors (0K)

[error occurred during error reporting (printing heap information), id 0xc0000005, EXCEPTION_ACCESS_VIOLATION (0xc0000005) at pc=0x00007fffb72200b9]

GC Heap History (0 events):
No events

Deoptimization events (0 events):
No events

Classes unloaded (0 events):
No events

Classes redefined (0 events):
No events

Internal exceptions (0 events):
No events

VM Operations (0 events):
No events

Events (1 events):
Event: 0.013 Loaded shared library C:\Program Files\Java\jdk-17\bin\java.dll


Dynamic libraries:
0x00007ff627970000 - 0x00007ff627980000 	C:\Program Files\Java\jdk-17\bin\java.exe
0x00007ff881b90000 - 0x00007ff881da4000 	C:\WINDOWS\SYSTEM32\ntdll.dll
0x00007ff8805f0000 - 0x00007ff8806b2000 	C:\WINDOWS\System32\KERNEL32.DLL
0x00007ff87ef90000 - 0x00007ff87f333000 	C:\WINDOWS\System32\KERNELBASE.dll
0x00007ff87f4b0000 - 0x00007ff87f5c1000 	C:\WINDOWS\System32\ucrtbase.dll
0x00007fffb7b00000 - 0x00007fffb7b19000 	C:\Program Files\Java\jdk-17\bin\jli.dll
0x00007fffb7b20000 - 0x00007fffb7b3b000 	C:\Program Files\Java\jdk-17\bin\VCRUNTIME140.dll
0x00007ff880540000 - 0x00007ff8805ee000 	C:\WINDOWS\System32\ADVAPI32.dll
0x00007ff87ffb0000 - 0x00007ff880057000 	C:\WINDOWS\System32\msvcrt.dll
0x00007ff881a90000 - 0x00007ff881b34000 	C:\WINDOWS\System32\sechost.dll
0x00007ff8803d0000 - 0x00007ff8804e7000 	C:\WINDOWS\System32\RPCRT4.dll
0x00007ff880190000 - 0x00007ff88033a000 	C:\WINDOWS\System32\USER32.dll
0x00007ff87f940000 - 0x00007ff87f966000 	C:\WINDOWS\System32\win32u.dll
0x00007ff8606f0000 - 0x00007ff86097e000 	C:\WINDOWS\WinSxS\amd64_microsoft.windows.common-controls_6595b64144ccf1df_6.0.22621.1635_none_270f70857386168e\COMCTL32.dll
0x00007ff8806d0000 - 0x00007ff8806f9000 	C:\WINDOWS\System32\GDI32.dll
0x00007ff87f5d0000 - 0x00007ff87f6e9000 	C:\WINDOWS\System32\gdi32full.dll
0x00007ff87f8a0000 - 0x00007ff87f93a000 	C:\WINDOWS\System32\msvcp_win.dll
0x00007ff8770c0000 - 0x00007ff8770ca000 	C:\WINDOWS\SYSTEM32\VERSION.dll
0x00007ff881a50000 - 0x00007ff881a81000 	C:\WINDOWS\System32\IMM32.DLL
0x00007fffb77f0000 - 0x00007fffb77fc000 	C:\Program Files\Java\jdk-17\bin\vcruntime140_1.dll
0x00007fffb7760000 - 0x00007fffb77ee000 	C:\Program Files\Java\jdk-17\bin\msvcp140.dll
0x00007fffb6b50000 - 0x00007fffb772d000 	C:\Program Files\Java\jdk-17\bin\server\jvm.dll
0x00007ff8806c0000 - 0x00007ff8806c8000 	C:\WINDOWS\System32\PSAPI.DLL
0x00007ff877920000 - 0x00007ff877954000 	C:\WINDOWS\SYSTEM32\WINMM.dll
0x00007ff845920000 - 0x00007ff845929000 	C:\WINDOWS\SYSTEM32\WSOCK32.dll
0x00007ff8811d0000 - 0x00007ff881241000 	C:\WINDOWS\System32\WS2_32.dll
0x00007ff87df90000 - 0x00007ff87dfa8000 	C:\WINDOWS\SYSTEM32\kernel.appcore.dll
0x00007fffb2820000 - 0x00007fffb282a000 	C:\Program Files\Java\jdk-17\bin\jimage.dll
0x00007ff87c960000 - 0x00007ff87cb8e000 	C:\WINDOWS\SYSTEM32\DBGHELP.DLL
0x00007ff87fb40000 - 0x00007ff87fec9000 	C:\WINDOWS\System32\combase.dll
0x00007ff880ef0000 - 0x00007ff880fc7000 	C:\WINDOWS\System32\OLEAUT32.dll
0x00007ff863520000 - 0x00007ff863552000 	C:\WINDOWS\SYSTEM32\dbgcore.DLL
0x00007ff87f820000 - 0x00007ff87f89a000 	C:\WINDOWS\System32\bcryptPrimitives.dll
0x00007fffb27f0000 - 0x00007fffb2815000 	C:\Program Files\Java\jdk-17\bin\java.dll

dbghelp: loaded successfully - version: 4.0.5 - missing functions: none
symbol engine: initialized successfully - sym options: 0x614 - pdb path: .;C:\Program Files\Java\jdk-17\bin;C:\WINDOWS\SYSTEM32;C:\WINDOWS\WinSxS\amd64_microsoft.windows.common-controls_6595b64144ccf1df_6.0.22621.1635_none_270f70857386168e;C:\Program Files\Java\jdk-17\bin\server

VM Arguments:
jvm_args: -Dnet.bytebuddy.agent.attacher.dump= 
java_command: net.bytebuddy.agent.Attacher com.sun.tools.attach.VirtualMachine 18188 C:\Users\ravi Kannegundla\.m2\repository\net\bytebuddy\byte-buddy-agent\1.14.5\byte-buddy-agent-1.14.5.jar false 
java_class_path (initial): C:\Users\ravi Kannegundla\.m2\repository\net\bytebuddy\byte-buddy-agent\1.14.5\byte-buddy-agent-1.14.5.jar
Launcher Type: SUN_STANDARD

[Global flags]
     intx CICompilerCount                          = 4                                         {product} {ergonomic}
     uint ConcGCThreads                            = 2                                         {product} {ergonomic}
     uint G1ConcRefinementThreads                  = 8                                         {product} {ergonomic}
   size_t G1HeapRegionSize                         = 1048576                                   {product} {ergonomic}
    uintx GCDrainStackTargetSize                   = 64                                        {product} {ergonomic}
   size_t InitialHeapSize                          = 130023424                                 {product} {ergonomic}
   size_t MarkStackSize                            = 4194304                                   {product} {ergonomic}
   size_t MaxHeapSize                              = 2067791872                                {product} {ergonomic}
   size_t MinHeapDeltaBytes                        = 1048576                                   {product} {ergonomic}
   size_t MinHeapSize                              = 8388608                                   {product} {ergonomic}
    uintx NonNMethodCodeHeapSize                   = 5839372                                {pd product} {ergonomic}
    uintx NonProfiledCodeHeapSize                  = 122909434                              {pd product} {ergonomic}
    uintx ProfiledCodeHeapSize                     = 122909434                              {pd product} {ergonomic}
    uintx ReservedCodeCacheSize                    = 251658240                              {pd product} {ergonomic}
     bool SegmentedCodeCache                       = true                                      {product} {ergonomic}
   size_t SoftMaxHeapSize                          = 2067791872                             {manageable} {ergonomic}
     bool UseCompressedClassPointers               = true                           {product lp64_product} {ergonomic}
     bool UseCompressedOops                        = true                           {product lp64_product} {ergonomic}
     bool UseG1GC                                  = true                                      {product} {ergonomic}
     bool UseLargePagesIndividualAllocation        = false                                  {pd product} {ergonomic}

Logging:
Log output configuration:
 #0: stdout all=warning uptime,level,tags
 #1: stderr all=off uptime,level,tags

Environment Variables:
PATH=C:\Program Files\Common Files\Oracle\Java\javapath;C:\Program Files (x86)\Common Files\Oracle\Java\javapath;C:\WINDOWS\system32;C:\WINDOWS;C:\WINDOWS\System32\Wbem;C:\WINDOWS\System32\WindowsPowerShell\v1.0\;C:\WINDOWS\System32\OpenSSH\;C:\Program Files\nodejs\;C:\Program Files\Git\cmd;C:\Maven\apache-maven-3.9.3\bin;C:\Users\ravi Kannegundla\Downloads\apache-zookeeper-3.7.1-bin\apache-zookeeper-3.7.1-bin\bin;C:\Program Files\MySQL\MySQL Shell 8.0\bin\;C:\Users\ravi Kannegundla\AppData\Local\Microsoft\WindowsApps;C:\Users\ravi Kannegundla\AppData\Roaming\npm;C:\Users\ravi Kannegundla\AppData\Local\Programs\Microsoft VS Code\bin
USERNAME=ravi Kannegundla
OS=Windows_NT
PROCESSOR_IDENTIFIER=Intel64 Family 6 Model 126 Stepping 5, GenuineIntel



---------------  S Y S T E M  ---------------

OS:
 Windows 11 , 64 bit Build 22621 (10.0.22621.1928)
OS uptime: 0 days 4:01 hours
Hyper-V role detected

CPU: total 8 (initial active 8) (4 cores per cpu, 2 threads per core) family 6 model 126 stepping 5 microcode 0xa8, cx8, cmov, fxsr, ht, mmx, 3dnowpref, sse, sse2, sse3, ssse3, sse4.1, sse4.2, popcnt, lzcnt, tsc, tscinvbit, avx, avx2, aes, erms, clmul, bmi1, bmi2, adx, avx512f, avx512dq, avx512cd, avx512bw, avx512vl, sha, fma, vzeroupper, avx512_vpopcntdq, avx512_vpclmulqdq, avx512_vaes, avx512_vnni, clflush, clflushopt, avx512_vbmi2, avx512_vbmi, hv

Memory: 4k page, system-wide physical 7880M (486M free)
TotalPageFile size 20035M (AvailPageFile size 21M)
current process WorkingSet (physical memory assigned to process): 11M, peak: 11M
current process commit charge ("private bytes"): 60M, peak: 184M

vm_info: Java HotSpot(TM) 64-Bit Server VM (17.0.7+8-LTS-224) for windows-amd64 JRE (17.0.7+8-LTS-224), built on Feb 28 2023 23:03:02 by "mach5one" with MS VC++ 17.1 (VS2022)

END.
