#
# There is insufficient memory for the Java Runtime Environment to continue.
# Native memory allocation (malloc) failed to allocate 1433712 bytes for Chunk::new
# Possible reasons:
#   The system is out of physical RAM or swap space
#   The process is running with CompressedOops enabled, and the Java Heap may be blocking the growth of the native heap
# Possible solutions:
#   Reduce memory load on the system
#   Increase physical memory or swap space
#   Check if swap backing store is full
#   Decrease Java heap size (-Xmx/-Xms)
#   Decrease number of Java threads
#   Decrease Java thread stack sizes (-Xss)
#   Set larger code cache with -XX:ReservedCodeCacheSize=
#   JVM is running with Unscaled Compressed Oops mode in which the Java heap is
#     placed in the first 4GB address space. The Java Heap base address is the
#     maximum limit for the native heap growth. Please use -XX:HeapBaseMinAddress
#     to set the Java Heap base and to place the Java Heap above 4GB virtual address.
# This output file may be truncated or incomplete.
#
#  Out of Memory Error (arena.cpp:189), pid=10736, tid=22048
#
# JRE version: Java(TM) SE Runtime Environment (17.0.7+8) (build 17.0.7+8-LTS-224)
# Java VM: Java HotSpot(TM) 64-Bit Server VM (17.0.7+8-LTS-224, mixed mode, sharing, tiered, compressed oops, compressed class ptrs, g1 gc, windows-amd64)
# No core dump will be written. Minidumps are not enabled by default on client versions of Windows
#

---------------  S U M M A R Y ------------

Command Line: -ea -Didea.test.cyclic.buffer.size=1048576 -javaagent:C:\Program Files\JetBrains\IntelliJ IDEA Community Edition 2023.1.2\lib\idea_rt.jar=54118:C:\Program Files\JetBrains\IntelliJ IDEA Community Edition 2023.1.2\bin -Dfile.encoding=UTF-8 com.intellij.rt.junit.JUnitStarter -ideVersion5 -junit5 com.example.SpringProjectSQL.SpringProjectSqlApplicationTests

Host: Intel(R) Core(TM) i5-1035G1 CPU @ 1.00GHz, 8 cores, 7G,  Windows 11 , 64 bit Build 22621 (10.0.22621.1928)
Time: Tue Jul 11 12:59:25 2023 Central Daylight Time elapsed time: 8.156783 seconds (0d 0h 0m 8s)

---------------  T H R E A D  ---------------

Current thread (0x000001b009ceee80):  JavaThread "C2 CompilerThread2" daemon [_thread_in_native, id=22048, stack(0x0000008d6f300000,0x0000008d6f400000)]


Current CompileTask:
C2:   8156 4923   !   4       org.springframework.core.annotation.AnnotationsScanner::processMethodHierarchy (276 bytes)

Stack: [0x0000008d6f300000,0x0000008d6f400000]
Native frames: (J=compiled Java code, j=interpreted, Vv=VM code, C=native code)
V  [jvm.dll+0x676a4a]
V  [jvm.dll+0x7d74f4]
V  [jvm.dll+0x7d8c9e]
V  [jvm.dll+0x7d9303]
V  [jvm.dll+0x2452c5]
V  [jvm.dll+0xaaa2b]
V  [jvm.dll+0xaafcc]
V  [jvm.dll+0x36141e]
V  [jvm.dll+0x1bb36a]
V  [jvm.dll+0x217c27]
V  [jvm.dll+0x216f01]
V  [jvm.dll+0x1a35e0]
V  [jvm.dll+0x226a6e]
V  [jvm.dll+0x224e15]
V  [jvm.dll+0x78d05c]
V  [jvm.dll+0x78759a]
V  [jvm.dll+0x675875]
C  [ucrtbase.dll+0x29363]
C  [KERNEL32.DLL+0x126ad]
C  [ntdll.dll+0x5aa68]


---------------  P R O C E S S  ---------------

Threads class SMR info:
_java_thread_list=0x000001b00af82670, length=18, elements={
0x000001b0668a0530, 0x000001b0067b4450, 0x000001b0067b4e00, 0x000001b0067c5130,
0x000001b0067c5ae0, 0x000001b0067c74a0, 0x000001b0067c7e50, 0x000001b0067c8b30,
0x000001b0067c9de0, 0x000001b0067d47f0, 0x000001b0074a2340, 0x000001b0075f10e0,
0x000001b0075b9520, 0x000001b00762e250, 0x000001b00a44ed30, 0x000001b009efcbd0,
0x000001b00b25da90, 0x000001b009ceee80
}

Java Threads: ( => current thread )
  0x000001b0668a0530 JavaThread "main" [_thread_in_Java, id=18372, stack(0x0000008d6de00000,0x0000008d6df00000)]
  0x000001b0067b4450 JavaThread "Reference Handler" daemon [_thread_blocked, id=22920, stack(0x0000008d6e500000,0x0000008d6e600000)]
  0x000001b0067b4e00 JavaThread "Finalizer" daemon [_thread_blocked, id=17236, stack(0x0000008d6e600000,0x0000008d6e700000)]
  0x000001b0067c5130 JavaThread "Signal Dispatcher" daemon [_thread_blocked, id=12000, stack(0x0000008d6e700000,0x0000008d6e800000)]
  0x000001b0067c5ae0 JavaThread "Attach Listener" daemon [_thread_blocked, id=11496, stack(0x0000008d6e800000,0x0000008d6e900000)]
  0x000001b0067c74a0 JavaThread "Service Thread" daemon [_thread_blocked, id=8220, stack(0x0000008d6e900000,0x0000008d6ea00000)]
  0x000001b0067c7e50 JavaThread "Monitor Deflation Thread" daemon [_thread_blocked, id=10640, stack(0x0000008d6ea00000,0x0000008d6eb00000)]
  0x000001b0067c8b30 JavaThread "C2 CompilerThread0" daemon [_thread_in_native, id=16952, stack(0x0000008d6eb00000,0x0000008d6ec00000)]
  0x000001b0067c9de0 JavaThread "C1 CompilerThread0" daemon [_thread_in_native, id=12748, stack(0x0000008d6ec00000,0x0000008d6ed00000)]
  0x000001b0067d47f0 JavaThread "Sweeper thread" daemon [_thread_blocked, id=12264, stack(0x0000008d6ed00000,0x0000008d6ee00000)]
  0x000001b0074a2340 JavaThread "Common-Cleaner" daemon [_thread_blocked, id=1952, stack(0x0000008d6ee00000,0x0000008d6ef00000)]
  0x000001b0075f10e0 JavaThread "Monitor Ctrl-Break" daemon [_thread_in_native, id=24236, stack(0x0000008d6ef00000,0x0000008d6f000000)]
  0x000001b0075b9520 JavaThread "Notification Thread" daemon [_thread_blocked, id=6008, stack(0x0000008d6f000000,0x0000008d6f100000)]
  0x000001b00762e250 JavaThread "C2 CompilerThread1" daemon [_thread_in_native, id=15896, stack(0x0000008d6f200000,0x0000008d6f300000)]
  0x000001b00a44ed30 JavaThread "mysql-cj-abandoned-connection-cleanup" daemon [_thread_blocked, id=20412, stack(0x0000008d6fc00000,0x0000008d6fd00000)]
  0x000001b009efcbd0 JavaThread "HikariPool-1 housekeeper" daemon [_thread_blocked, id=14764, stack(0x0000008d6fe00000,0x0000008d6ff00000)]
  0x000001b00b25da90 JavaThread "HikariPool-1 connection adder" daemon [_thread_blocked, id=23772, stack(0x0000008d6ff00000,0x0000008d70000000)]
=>0x000001b009ceee80 JavaThread "C2 CompilerThread2" daemon [_thread_in_native, id=22048, stack(0x0000008d6f300000,0x0000008d6f400000)]

Other Threads:
  0x000001b0067acaa0 VMThread "VM Thread" [stack: 0x0000008d6e400000,0x0000008d6e500000] [id=1248]
  0x000001b06690d080 WatcherThread [stack: 0x0000008d6f100000,0x0000008d6f200000] [id=3232]
  0x000001b0668fa810 GCTaskThread "GC Thread#0" [stack: 0x0000008d6df00000,0x0000008d6e000000] [id=23540]
  0x000001b008682180 GCTaskThread "GC Thread#1" [stack: 0x0000008d6f400000,0x0000008d6f500000] [id=9472]
  0x000001b0084bf6b0 GCTaskThread "GC Thread#2" [stack: 0x0000008d6f500000,0x0000008d6f600000] [id=23456]
  0x000001b007fe14f0 GCTaskThread "GC Thread#3" [stack: 0x0000008d6f600000,0x0000008d6f700000] [id=17128]
  0x000001b007d9df80 GCTaskThread "GC Thread#4" [stack: 0x0000008d6f700000,0x0000008d6f800000] [id=5112]
  0x000001b0084750e0 GCTaskThread "GC Thread#5" [stack: 0x0000008d6f800000,0x0000008d6f900000] [id=16400]
  0x000001b007cf10e0 GCTaskThread "GC Thread#6" [stack: 0x0000008d6f900000,0x0000008d6fa00000] [id=14572]
  0x000001b008fa6ab0 GCTaskThread "GC Thread#7" [stack: 0x0000008d6fa00000,0x0000008d6fb00000] [id=23220]
  0x000001b06673dd20 ConcurrentGCThread "G1 Main Marker" [stack: 0x0000008d6e000000,0x0000008d6e100000] [id=23504]
  0x000001b06673e730 ConcurrentGCThread "G1 Conc#0" [stack: 0x0000008d6e100000,0x0000008d6e200000] [id=14012]
  0x000001b00a7c8d20 ConcurrentGCThread "G1 Conc#1" [stack: 0x0000008d6fb00000,0x0000008d6fc00000] [id=17768]
  0x000001b0066580e0 ConcurrentGCThread "G1 Refine#0" [stack: 0x0000008d6e200000,0x0000008d6e300000] [id=21648]
  0x000001b06695ebd0 ConcurrentGCThread "G1 Service" [stack: 0x0000008d6e300000,0x0000008d6e400000] [id=6136]

Threads with active compile tasks:
C2 CompilerThread0     8184 5048       4       java.lang.Class::getDeclaredAnnotations (11 bytes)
C2 CompilerThread1     8184 5044       4       org.springframework.core.BridgeMethodResolver::findBridgedMethod (117 bytes)
C2 CompilerThread2     8184 4923   !   4       org.springframework.core.annotation.AnnotationsScanner::processMethodHierarchy (276 bytes)

VM state: not at safepoint (normal execution)

VM Mutex/Monitor currently owned by a thread: None

Heap address: 0x0000000084c00000, size: 1972 MB, Compressed Oops mode: 32-bit

CDS archive(s) mapped at: [0x0000000800000000-0x0000000800bd0000-0x0000000800bd0000), size 12386304, SharedBaseAddress: 0x0000000800000000, ArchiveRelocationMode: 0.
Compressed class space mapped at: 0x0000000800c00000-0x0000000840c00000, reserved size: 1073741824
Narrow klass base: 0x0000000800000000, Narrow klass shift: 0, Narrow klass range: 0x100000000

GC Precious Log:
 CPUs: 8 total, 8 available
 Memory: 7880M
 Large Page Support: Disabled
 NUMA Support: Disabled
 Compressed Oops: Enabled (32-bit)
 Heap Region Size: 1M
 Heap Min Capacity: 8M
 Heap Initial Capacity: 124M
 Heap Max Capacity: 1972M
 Pre-touch: Disabled
 Parallel Workers: 8
 Concurrent Workers: 2
 Concurrent Refinement Workers: 8
 Periodic GC: Disabled

Heap:
 garbage-first heap   total 65536K, used 27367K [0x0000000084c00000, 0x0000000100000000)
  region size 1024K, 9 young (9216K), 4 survivors (4096K)
 Metaspace       used 58279K, committed 58688K, reserved 1105920K
  class space    used 8004K, committed 8192K, reserved 1048576K

Heap Regions: E=young(eden), S=young(survivor), O=old, HS=humongous(starts), HC=humongous(continues), CS=collection set, F=free, OA=open archive, CA=closed archive, TAMS=top-at-mark-start (previous, next)
|   0|0x0000000084c00000, 0x0000000084d00000, 0x0000000084d00000|100%|HS|  |TAMS 0x0000000084d00000, 0x0000000084c00000| Complete 
|   1|0x0000000084d00000, 0x0000000084e00000, 0x0000000084e00000|100%| O|  |TAMS 0x0000000084e00000, 0x0000000084d00000| Untracked 
|   2|0x0000000084e00000, 0x0000000084f00000, 0x0000000084f00000|100%| O|  |TAMS 0x0000000084f00000, 0x0000000084e00000| Untracked 
|   3|0x0000000084f00000, 0x0000000085000000, 0x0000000085000000|100%| O|  |TAMS 0x0000000085000000, 0x0000000084f00000| Untracked 
|   4|0x0000000085000000, 0x0000000085100000, 0x0000000085100000|100%| O|  |TAMS 0x0000000085100000, 0x0000000085000000| Untracked 
|   5|0x0000000085100000, 0x0000000085200000, 0x0000000085200000|100%| O|  |TAMS 0x0000000085200000, 0x0000000085100000| Untracked 
|   6|0x0000000085200000, 0x0000000085300000, 0x0000000085300000|100%| O|  |TAMS 0x0000000085200000, 0x0000000085200000| Untracked 
|   7|0x0000000085300000, 0x0000000085400000, 0x0000000085400000|100%| O|  |TAMS 0x0000000085400000, 0x0000000085300000| Untracked 
|   8|0x0000000085400000, 0x0000000085500000, 0x0000000085500000|100%| O|  |TAMS 0x0000000085500000, 0x0000000085400000| Untracked 
|   9|0x0000000085500000, 0x0000000085600000, 0x0000000085600000|100%| O|  |TAMS 0x0000000085600000, 0x0000000085500000| Untracked 
|  10|0x0000000085600000, 0x0000000085700000, 0x0000000085700000|100%| O|  |TAMS 0x0000000085700000, 0x0000000085600000| Untracked 
|  11|0x0000000085700000, 0x0000000085800000, 0x0000000085800000|100%| O|  |TAMS 0x0000000085800000, 0x0000000085700000| Untracked 
|  12|0x0000000085800000, 0x0000000085900000, 0x0000000085900000|100%| O|  |TAMS 0x0000000085900000, 0x0000000085800000| Untracked 
|  13|0x0000000085900000, 0x0000000085a00000, 0x0000000085a00000|100%| O|  |TAMS 0x0000000085a00000, 0x0000000085900000| Untracked 
|  14|0x0000000085a00000, 0x0000000085a00000, 0x0000000085b00000|  0%| F|  |TAMS 0x0000000085a00000, 0x0000000085a00000| Untracked 
|  15|0x0000000085b00000, 0x0000000085c00000, 0x0000000085c00000|100%| O|  |TAMS 0x0000000085b00000, 0x0000000085b00000| Untracked 
|  16|0x0000000085c00000, 0x0000000085d00000, 0x0000000085d00000|100%| O|  |TAMS 0x0000000085c00000, 0x0000000085c00000| Untracked 
|  17|0x0000000085d00000, 0x0000000085e00000, 0x0000000085e00000|100%| O|  |TAMS 0x0000000085d00000, 0x0000000085d00000| Untracked 
|  18|0x0000000085e00000, 0x0000000085f00000, 0x0000000085f00000|100%| O|  |TAMS 0x0000000085e00000, 0x0000000085e00000| Untracked 
|  19|0x0000000085f00000, 0x0000000086000000, 0x0000000086000000|100%| O|  |TAMS 0x0000000085f00000, 0x0000000085f00000| Untracked 
|  20|0x0000000086000000, 0x0000000086058e00, 0x0000000086100000| 34%| O|  |TAMS 0x0000000086000000, 0x0000000086000000| Untracked 
|  21|0x0000000086100000, 0x0000000086100000, 0x0000000086200000|  0%| F|  |TAMS 0x0000000086100000, 0x0000000086100000| Untracked 
|  22|0x0000000086200000, 0x0000000086200000, 0x0000000086300000|  0%| F|  |TAMS 0x0000000086200000, 0x0000000086200000| Untracked 
|  23|0x0000000086300000, 0x0000000086300000, 0x0000000086400000|  0%| F|  |TAMS 0x0000000086300000, 0x0000000086300000| Untracked 
|  24|0x0000000086400000, 0x0000000086400000, 0x0000000086500000|  0%| F|  |TAMS 0x0000000086400000, 0x0000000086400000| Untracked 
|  25|0x0000000086500000, 0x0000000086500000, 0x0000000086600000|  0%| F|  |TAMS 0x0000000086500000, 0x0000000086500000| Untracked 
|  26|0x0000000086600000, 0x0000000086600000, 0x0000000086700000|  0%| F|  |TAMS 0x0000000086600000, 0x0000000086600000| Untracked 
|  27|0x0000000086700000, 0x0000000086700000, 0x0000000086800000|  0%| F|  |TAMS 0x0000000086700000, 0x0000000086700000| Untracked 
|  28|0x0000000086800000, 0x0000000086800000, 0x0000000086900000|  0%| F|  |TAMS 0x0000000086800000, 0x0000000086800000| Untracked 
|  29|0x0000000086900000, 0x0000000086900000, 0x0000000086a00000|  0%| F|  |TAMS 0x0000000086900000, 0x0000000086900000| Untracked 
|  30|0x0000000086a00000, 0x0000000086a00000, 0x0000000086b00000|  0%| F|  |TAMS 0x0000000086a00000, 0x0000000086a00000| Untracked 
|  31|0x0000000086b00000, 0x0000000086b60ea0, 0x0000000086c00000| 37%| S|CS|TAMS 0x0000000086b00000, 0x0000000086b00000| Complete 
|  32|0x0000000086c00000, 0x0000000086d00000, 0x0000000086d00000|100%| S|CS|TAMS 0x0000000086c00000, 0x0000000086c00000| Complete 
|  33|0x0000000086d00000, 0x0000000086e00000, 0x0000000086e00000|100%| S|CS|TAMS 0x0000000086d00000, 0x0000000086d00000| Complete 
|  34|0x0000000086e00000, 0x0000000086e00000, 0x0000000086f00000|  0%| F|  |TAMS 0x0000000086e00000, 0x0000000086e00000| Untracked 
|  35|0x0000000086f00000, 0x0000000086f00000, 0x0000000087000000|  0%| F|  |TAMS 0x0000000086f00000, 0x0000000086f00000| Untracked 
|  36|0x0000000087000000, 0x0000000087100000, 0x0000000087100000|100%| S|CS|TAMS 0x0000000087000000, 0x0000000087000000| Complete 
|  37|0x0000000087100000, 0x0000000087100000, 0x0000000087200000|  0%| F|  |TAMS 0x0000000087100000, 0x0000000087100000| Untracked 
|  38|0x0000000087200000, 0x0000000087200000, 0x0000000087300000|  0%| F|  |TAMS 0x0000000087200000, 0x0000000087200000| Untracked 
|  39|0x0000000087300000, 0x0000000087300000, 0x0000000087400000|  0%| F|  |TAMS 0x0000000087300000, 0x0000000087300000| Untracked 
|  40|0x0000000087400000, 0x0000000087400000, 0x0000000087500000|  0%| F|  |TAMS 0x0000000087400000, 0x0000000087400000| Untracked 
|  41|0x0000000087500000, 0x0000000087500000, 0x0000000087600000|  0%| F|  |TAMS 0x0000000087500000, 0x0000000087500000| Untracked 
|  42|0x0000000087600000, 0x0000000087600000, 0x0000000087700000|  0%| F|  |TAMS 0x0000000087600000, 0x0000000087600000| Untracked 
|  43|0x0000000087700000, 0x0000000087700000, 0x0000000087800000|  0%| F|  |TAMS 0x0000000087700000, 0x0000000087700000| Untracked 
|  44|0x0000000087800000, 0x0000000087800000, 0x0000000087900000|  0%| F|  |TAMS 0x0000000087800000, 0x0000000087800000| Untracked 
|  45|0x0000000087900000, 0x0000000087900000, 0x0000000087a00000|  0%| F|  |TAMS 0x0000000087900000, 0x0000000087900000| Untracked 
|  46|0x0000000087a00000, 0x0000000087a00000, 0x0000000087b00000|  0%| F|  |TAMS 0x0000000087a00000, 0x0000000087a00000| Untracked 
|  47|0x0000000087b00000, 0x0000000087b00000, 0x0000000087c00000|  0%| F|  |TAMS 0x0000000087b00000, 0x0000000087b00000| Untracked 
|  48|0x0000000087c00000, 0x0000000087c00000, 0x0000000087d00000|  0%| F|  |TAMS 0x0000000087c00000, 0x0000000087c00000| Untracked 
|  49|0x0000000087d00000, 0x0000000087d00000, 0x0000000087e00000|  0%| F|  |TAMS 0x0000000087d00000, 0x0000000087d00000| Untracked 
|  50|0x0000000087e00000, 0x0000000087e00000, 0x0000000087f00000|  0%| F|  |TAMS 0x0000000087e00000, 0x0000000087e00000| Untracked 
|  51|0x0000000087f00000, 0x0000000087f00000, 0x0000000088000000|  0%| F|  |TAMS 0x0000000087f00000, 0x0000000087f00000| Untracked 
|  52|0x0000000088000000, 0x0000000088000000, 0x0000000088100000|  0%| F|  |TAMS 0x0000000088000000, 0x0000000088000000| Untracked 
|  53|0x0000000088100000, 0x0000000088100000, 0x0000000088200000|  0%| F|  |TAMS 0x0000000088100000, 0x0000000088100000| Untracked 
|  54|0x0000000088200000, 0x0000000088200000, 0x0000000088300000|  0%| F|  |TAMS 0x0000000088200000, 0x0000000088200000| Untracked 
|  55|0x0000000088300000, 0x0000000088300000, 0x0000000088400000|  0%| F|  |TAMS 0x0000000088300000, 0x0000000088300000| Untracked 
|  56|0x0000000088400000, 0x0000000088400000, 0x0000000088500000|  0%| F|  |TAMS 0x0000000088400000, 0x0000000088400000| Untracked 
|  57|0x0000000088500000, 0x0000000088500000, 0x0000000088600000|  0%| F|  |TAMS 0x0000000088500000, 0x0000000088500000| Untracked 
|  58|0x0000000088600000, 0x0000000088600000, 0x0000000088700000|  0%| F|  |TAMS 0x0000000088600000, 0x0000000088600000| Untracked 
|  59|0x0000000088700000, 0x0000000088783c10, 0x0000000088800000| 51%| E|  |TAMS 0x0000000088700000, 0x0000000088700000| Complete 
|  60|0x0000000088800000, 0x0000000088900000, 0x0000000088900000|100%| E|CS|TAMS 0x0000000088800000, 0x0000000088800000| Complete 
|  61|0x0000000088900000, 0x0000000088a00000, 0x0000000088a00000|100%| E|CS|TAMS 0x0000000088900000, 0x0000000088900000| Complete 
|  62|0x0000000088a00000, 0x0000000088b00000, 0x0000000088b00000|100%| E|CS|TAMS 0x0000000088a00000, 0x0000000088a00000| Complete 
| 123|0x000000008c700000, 0x000000008c800000, 0x000000008c800000|100%| E|CS|TAMS 0x000000008c700000, 0x000000008c700000| Complete 

Card table byte_map: [0x000001b07f730000,0x000001b07fb10000] _byte_map_base: 0x000001b07f30a000

Marking Bits (Prev, Next): (CMBitMap*) 0x000001b0668fae20, (CMBitMap*) 0x000001b0668fae60
 Prev Bits: [0x000001b000000000, 0x000001b001ed0000)
 Next Bits: [0x000001b001ed0000, 0x000001b003da0000)

Polling page: 0x000001b066960000

Metaspace:

Usage:
  Non-class:     49.10 MB used.
      Class:      7.82 MB used.
       Both:     56.92 MB used.

Virtual space:
  Non-class space:       56.00 MB reserved,      49.31 MB ( 88%) committed,  7 nodes.
      Class space:        1.00 GB reserved,       8.00 MB ( <1%) committed,  1 nodes.
             Both:        1.05 GB reserved,      57.31 MB (  5%) committed. 

Chunk freelists:
   Non-Class:  2.16 MB
       Class:  3.95 MB
        Both:  6.11 MB

MaxMetaspaceSize: unlimited
CompressedClassSpaceSize: 1.00 GB
Initial GC threshold: 21.00 MB
Current GC threshold: 58.75 MB
CDS: on
MetaspaceReclaimPolicy: balanced
 - commit_granule_bytes: 65536.
 - commit_granule_words: 8192.
 - virtual_space_node_default_size: 1048576.
 - enlarge_chunks_in_place: 1.
 - new_chunks_are_fully_committed: 0.
 - uncommit_free_chunks: 1.
 - use_allocation_guard: 0.
 - handle_deallocations: 1.


Internal statistics:

num_allocs_failed_limit: 6.
num_arena_births: 562.
num_arena_deaths: 0.
num_vsnodes_births: 8.
num_vsnodes_deaths: 0.
num_space_committed: 917.
num_space_uncommitted: 0.
num_chunks_returned_to_freelist: 6.
num_chunks_taken_from_freelist: 2550.
num_chunk_merges: 3.
num_chunk_splits: 1860.
num_chunks_enlarged: 1499.
num_purges: 0.
num_inconsistent_stats: 0.

CodeHeap 'non-profiled nmethods': size=120000Kb used=2761Kb max_used=3099Kb free=117238Kb
 bounds [0x000001b0773b0000, 0x000001b0776e0000, 0x000001b07e8e0000]
CodeHeap 'profiled nmethods': size=120000Kb used=8395Kb max_used=10396Kb free=111604Kb
 bounds [0x000001b06f8e0000, 0x000001b070310000, 0x000001b076e10000]
CodeHeap 'non-nmethods': size=5760Kb used=1341Kb max_used=1413Kb free=4418Kb
 bounds [0x000001b076e10000, 0x000001b077080000, 0x000001b0773b0000]
 total_blobs=4945 nmethods=4290 adapters=565
 compilation: enabled
              stopped_count=0, restarted_count=0
 full_count=0

Compilation events (20 events):
Event: 8.105 Thread 0x000001b0067c9de0 5075       3       java.lang.reflect.Constructor::getParameterTypes (11 bytes)
Event: 8.106 Thread 0x000001b0067c9de0 nmethod 5075 0x000001b06fb42d90 code [0x000001b06fb42f40, 0x000001b06fb43208]
Event: 8.111 Thread 0x000001b0067c8b30 nmethod 5066 0x000001b0773ea110 code [0x000001b0773ea3a0, 0x000001b0773eb920]
Event: 8.111 Thread 0x000001b0067c8b30 5048       4       java.lang.Class::getDeclaredAnnotations (11 bytes)
Event: 8.120 Thread 0x000001b0067c9de0 5077       3       org.springframework.core.annotation.AnnotationsScanner::isOverride (38 bytes)
Event: 8.120 Thread 0x000001b0067c9de0 nmethod 5077 0x000001b06fa2eb10 code [0x000001b06fa2ece0, 0x000001b06fa2f038]
Event: 8.125 Thread 0x000001b0067c9de0 5079       3       org.springframework.util.ReflectionUtils::isCglibRenamedMethod (81 bytes)
Event: 8.127 Thread 0x000001b0067c9de0 nmethod 5079 0x000001b06fa58190 code [0x000001b06fa584a0, 0x000001b06fa59708]
Event: 8.136 Thread 0x000001b0067c9de0 5080       3       java.lang.ThreadLocal::set (30 bytes)
Event: 8.136 Thread 0x000001b0067c9de0 nmethod 5080 0x000001b06fa37e10 code [0x000001b06fa37fe0, 0x000001b06fa38368]
Event: 8.137 Thread 0x000001b0067c9de0 5081       1       org.springframework.beans.factory.config.BeanDefinitionHolder::getBeanDefinition (5 bytes)
Event: 8.137 Thread 0x000001b0067c9de0 nmethod 5081 0x000001b0773e9d90 code [0x000001b0773e9f20, 0x000001b0773e9ff8]
Event: 8.140 Thread 0x000001b0067c9de0 5082       3       org.springframework.core.convert.support.GenericConversionService$ConverterAdapter::<init> (41 bytes)
Event: 8.140 Thread 0x000001b0067c9de0 nmethod 5082 0x000001b06fa85410 code [0x000001b06fa85640, 0x000001b06fa86238]
Event: 8.141 Thread 0x000001b0067c9de0 5083       3       org.springframework.core.convert.support.GenericConversionService$ConverterAdapter::getConvertibleTypes (8 bytes)
Event: 8.141 Thread 0x000001b0067c9de0 nmethod 5083 0x000001b06fa3c590 code [0x000001b06fa3c760, 0x000001b06fa3caf8]
Event: 8.141 Thread 0x000001b0067c9de0 5084       3       org.springframework.core.convert.support.GenericConversionService::getRequiredTypeInfo (57 bytes)
Event: 8.141 Thread 0x000001b0067c9de0 nmethod 5084 0x000001b06fa38b90 code [0x000001b06fa38d80, 0x000001b06fa393c8]
Event: 8.151 Thread 0x000001b0067c9de0 5086       1       org.springframework.beans.factory.support.AbstractAutowireCapableBeanFactory::getInstantiationStrategy (5 bytes)
Event: 8.152 Thread 0x000001b0067c9de0 nmethod 5086 0x000001b07740fd90 code [0x000001b07740ff20, 0x000001b07740fff8]

GC Heap History (20 events):
Event: 2.203 GC heap before
{Heap before GC invocations=1 (full 0):
 garbage-first heap   total 126976K, used 35544K [0x0000000084c00000, 0x0000000100000000)
  region size 1024K, 31 young (31744K), 3 survivors (3072K)
 Metaspace       used 11963K, committed 12160K, reserved 1064960K
  class space    used 1563K, committed 1664K, reserved 1048576K
}
Event: 2.216 GC heap after
{Heap after GC invocations=2 (full 0):
 garbage-first heap   total 126976K, used 9472K [0x0000000084c00000, 0x0000000100000000)
  region size 1024K, 3 young (3072K), 3 survivors (3072K)
 Metaspace       used 11963K, committed 12160K, reserved 1064960K
  class space    used 1563K, committed 1664K, reserved 1048576K
}
Event: 3.455 GC heap before
{Heap before GC invocations=2 (full 0):
 garbage-first heap   total 126976K, used 60672K [0x0000000084c00000, 0x0000000100000000)
  region size 1024K, 55 young (56320K), 3 survivors (3072K)
 Metaspace       used 21224K, committed 21504K, reserved 1073152K
  class space    used 2715K, committed 2880K, reserved 1048576K
}
Event: 3.468 GC heap after
{Heap after GC invocations=3 (full 0):
 garbage-first heap   total 126976K, used 12760K [0x0000000084c00000, 0x0000000100000000)
  region size 1024K, 6 young (6144K), 6 survivors (6144K)
 Metaspace       used 21224K, committed 21504K, reserved 1073152K
  class space    used 2715K, committed 2880K, reserved 1048576K
}
Event: 4.197 GC heap before
{Heap before GC invocations=4 (full 0):
 garbage-first heap   total 48128K, used 35288K [0x0000000084c00000, 0x0000000100000000)
  region size 1024K, 28 young (28672K), 6 survivors (6144K)
 Metaspace       used 24615K, committed 24960K, reserved 1073152K
  class space    used 3214K, committed 3392K, reserved 1048576K
}
Event: 4.213 GC heap after
{Heap after GC invocations=5 (full 0):
 garbage-first heap   total 48128K, used 14374K [0x0000000084c00000, 0x0000000100000000)
  region size 1024K, 2 young (2048K), 2 survivors (2048K)
 Metaspace       used 24615K, committed 24960K, reserved 1073152K
  class space    used 3214K, committed 3392K, reserved 1048576K
}
Event: 4.249 GC heap before
{Heap before GC invocations=5 (full 0):
 garbage-first heap   total 48128K, used 15398K [0x0000000084c00000, 0x0000000100000000)
  region size 1024K, 3 young (3072K), 2 survivors (2048K)
 Metaspace       used 24779K, committed 25152K, reserved 1073152K
  class space    used 3238K, committed 3392K, reserved 1048576K
}
Event: 4.256 GC heap after
{Heap after GC invocations=6 (full 0):
 garbage-first heap   total 48128K, used 14825K [0x0000000084c00000, 0x0000000100000000)
  region size 1024K, 1 young (1024K), 1 survivors (1024K)
 Metaspace       used 24779K, committed 25152K, reserved 1073152K
  class space    used 3238K, committed 3392K, reserved 1048576K
}
Event: 4.868 GC heap before
{Heap before GC invocations=6 (full 0):
 garbage-first heap   total 48128K, used 33257K [0x0000000084c00000, 0x0000000100000000)
  region size 1024K, 19 young (19456K), 1 survivors (1024K)
 Metaspace       used 28470K, committed 28928K, reserved 1081344K
  class space    used 3761K, committed 3968K, reserved 1048576K
}
Event: 4.875 GC heap after
{Heap after GC invocations=7 (full 0):
 garbage-first heap   total 74752K, used 15878K [0x0000000084c00000, 0x0000000100000000)
  region size 1024K, 2 young (2048K), 2 survivors (2048K)
 Metaspace       used 28470K, committed 28928K, reserved 1081344K
  class space    used 3761K, committed 3968K, reserved 1048576K
}
Event: 5.523 GC heap before
{Heap before GC invocations=7 (full 0):
 garbage-first heap   total 74752K, used 40454K [0x0000000084c00000, 0x0000000100000000)
  region size 1024K, 27 young (27648K), 2 survivors (2048K)
 Metaspace       used 35575K, committed 35968K, reserved 1081344K
  class space    used 4747K, committed 4928K, reserved 1048576K
}
Event: 5.531 GC heap after
{Heap after GC invocations=8 (full 0):
 garbage-first heap   total 74752K, used 18042K [0x0000000084c00000, 0x0000000100000000)
  region size 1024K, 4 young (4096K), 4 survivors (4096K)
 Metaspace       used 35575K, committed 35968K, reserved 1081344K
  class space    used 4747K, committed 4928K, reserved 1048576K
}
Event: 6.401 GC heap before
{Heap before GC invocations=9 (full 0):
 garbage-first heap   total 65536K, used 52858K [0x0000000084c00000, 0x0000000100000000)
  region size 1024K, 38 young (38912K), 4 survivors (4096K)
 Metaspace       used 47325K, committed 47680K, reserved 1097728K
  class space    used 6342K, committed 6528K, reserved 1048576K
}
Event: 6.411 GC heap after
{Heap after GC invocations=10 (full 0):
 garbage-first heap   total 65536K, used 20474K [0x0000000084c00000, 0x0000000100000000)
  region size 1024K, 5 young (5120K), 5 survivors (5120K)
 Metaspace       used 47325K, committed 47680K, reserved 1097728K
  class space    used 6342K, committed 6528K, reserved 1048576K
}
Event: 6.433 GC heap before
{Heap before GC invocations=10 (full 0):
 garbage-first heap   total 65536K, used 20474K [0x0000000084c00000, 0x0000000100000000)
  region size 1024K, 6 young (6144K), 5 survivors (5120K)
 Metaspace       used 47664K, committed 48064K, reserved 1097728K
  class space    used 6377K, committed 6592K, reserved 1048576K
}
Event: 6.442 GC heap after
{Heap after GC invocations=11 (full 0):
 garbage-first heap   total 65536K, used 20606K [0x0000000084c00000, 0x0000000100000000)
  region size 1024K, 1 young (1024K), 1 survivors (1024K)
 Metaspace       used 47664K, committed 48064K, reserved 1097728K
  class space    used 6377K, committed 6592K, reserved 1048576K
}
Event: 7.197 GC heap before
{Heap before GC invocations=11 (full 0):
 garbage-first heap   total 65536K, used 48254K [0x0000000084c00000, 0x0000000100000000)
  region size 1024K, 28 young (28672K), 1 survivors (1024K)
 Metaspace       used 53577K, committed 54016K, reserved 1097728K
  class space    used 7348K, committed 7552K, reserved 1048576K
}
Event: 7.203 GC heap after
{Heap after GC invocations=12 (full 0):
 garbage-first heap   total 65536K, used 21347K [0x0000000084c00000, 0x0000000100000000)
  region size 1024K, 2 young (2048K), 2 survivors (2048K)
 Metaspace       used 53577K, committed 54016K, reserved 1097728K
  class space    used 7348K, committed 7552K, reserved 1048576K
}
Event: 8.036 GC heap before
{Heap before GC invocations=12 (full 0):
 garbage-first heap   total 65536K, used 48995K [0x0000000084c00000, 0x0000000100000000)
  region size 1024K, 29 young (29696K), 2 survivors (2048K)
 Metaspace       used 57862K, committed 58240K, reserved 1105920K
  class space    used 7947K, committed 8128K, reserved 1048576K
}
Event: 8.045 GC heap after
{Heap after GC invocations=13 (full 0):
 garbage-first heap   total 65536K, used 23271K [0x0000000084c00000, 0x0000000100000000)
  region size 1024K, 4 young (4096K), 4 survivors (4096K)
 Metaspace       used 57862K, committed 58240K, reserved 1105920K
  class space    used 7947K, committed 8128K, reserved 1048576K
}

Deoptimization events (20 events):
Event: 7.500 Thread 0x000001b0668a0530 DEOPT PACKING pc=0x000001b07769bccc sp=0x0000008d6defa080
Event: 7.500 Thread 0x000001b0668a0530 DEOPT UNPACKING pc=0x000001b076e65ba3 sp=0x0000008d6def9fc8 mode 2
Event: 7.500 Thread 0x000001b0668a0530 Uncommon trap: trap_request=0xffffffde fr.pc=0x000001b077588324 relative=0x00000000000004e4
Event: 7.500 Thread 0x000001b0668a0530 Uncommon trap: reason=class_check action=maybe_recompile pc=0x000001b077588324 method=org.springframework.util.ConcurrentReferenceHashMap$Segment.findInChain(Lorg/springframework/util/ConcurrentReferenceHashMap$Reference;Ljava/lang/Object;I)Lorg/springfra
Event: 7.500 Thread 0x000001b0668a0530 DEOPT PACKING pc=0x000001b077588324 sp=0x0000008d6defa000
Event: 7.500 Thread 0x000001b0668a0530 DEOPT UNPACKING pc=0x000001b076e65ba3 sp=0x0000008d6def9fc8 mode 2
Event: 7.599 Thread 0x000001b0668a0530 Uncommon trap: trap_request=0xffffff45 fr.pc=0x000001b077623ab8 relative=0x0000000000000dd8
Event: 7.599 Thread 0x000001b0668a0530 Uncommon trap: reason=unstable_if action=reinterpret pc=0x000001b077623ab8 method=java.util.HashMap.putVal(ILjava/lang/Object;Ljava/lang/Object;ZZ)Ljava/lang/Object; @ 206 c2
Event: 7.599 Thread 0x000001b0668a0530 DEOPT PACKING pc=0x000001b077623ab8 sp=0x0000008d6defa3a0
Event: 7.599 Thread 0x000001b0668a0530 DEOPT UNPACKING pc=0x000001b076e65ba3 sp=0x0000008d6defa338 mode 2
Event: 7.655 Thread 0x000001b0668a0530 Uncommon trap: trap_request=0xffffff76 fr.pc=0x000001b0776228f0 relative=0x0000000000000350
Event: 7.655 Thread 0x000001b0668a0530 Uncommon trap: reason=predicate action=maybe_recompile pc=0x000001b0776228f0 method=java.util.Arrays$ArrayList.indexOf(Ljava/lang/Object;)I @ 39 c2
Event: 7.655 Thread 0x000001b0668a0530 DEOPT PACKING pc=0x000001b0776228f0 sp=0x0000008d6defa250
Event: 7.655 Thread 0x000001b0668a0530 DEOPT UNPACKING pc=0x000001b076e65ba3 sp=0x0000008d6defa1d8 mode 2
Event: 7.939 Thread 0x000001b0668a0530 DEOPT PACKING pc=0x000001b06fd271d4 sp=0x0000008d6def9be0
Event: 7.939 Thread 0x000001b0668a0530 DEOPT UNPACKING pc=0x000001b076e666e3 sp=0x0000008d6def90b8 mode 0
Event: 8.120 Thread 0x000001b0668a0530 Uncommon trap: trap_request=0xffffff45 fr.pc=0x000001b077462e70 relative=0x0000000000001290
Event: 8.120 Thread 0x000001b0668a0530 Uncommon trap: reason=unstable_if action=reinterpret pc=0x000001b077462e70 method=java.util.concurrent.ConcurrentHashMap.transfer([Ljava/util/concurrent/ConcurrentHashMap$Node;[Ljava/util/concurrent/ConcurrentHashMap$Node;)V @ 352 c2
Event: 8.120 Thread 0x000001b0668a0530 DEOPT PACKING pc=0x000001b077462e70 sp=0x0000008d6defb930
Event: 8.120 Thread 0x000001b0668a0530 DEOPT UNPACKING pc=0x000001b076e65ba3 sp=0x0000008d6defb8b8 mode 2

Classes unloaded (0 events):
No events

Classes redefined (0 events):
No events

Internal exceptions (20 events):
Event: 6.961 Thread 0x000001b0668a0530 Exception <a 'java/lang/NoSuchMethodError'{0x0000000087ab2370}: 'int java.lang.invoke.DirectMethodHandle$Holder.invokeStatic(java.lang.Object, int, java.lang.Object)'> (0x0000000087ab2370) 
thrown [s\open\src\hotspot\share\interpreter\linkResolver.cpp, line 759]
Event: 6.963 Thread 0x000001b0668a0530 Exception <a 'java/lang/NoSuchMethodError'{0x0000000087ad1300}: 'java.lang.Object java.lang.invoke.DirectMethodHandle$Holder.newInvokeSpecial(java.lang.Object, java.lang.Object, java.lang.Object, java.lang.Object, java.lang.Object, int)'> (0x0000000087ad1300) 
thrown [s\open\src\hotspot\share\interpreter\linkResolver.cpp, line 759]
Event: 6.963 Thread 0x000001b0668a0530 Exception <a 'java/lang/NoSuchMethodError'{0x0000000087ad5bb8}: 'java.lang.Object java.lang.invoke.Invokers$Holder.linkToTargetMethod(java.lang.Object, java.lang.Object, java.lang.Object, java.lang.Object, int, java.lang.Object)'> (0x0000000087ad5bb8) 
thrown [s\open\src\hotspot\share\interpreter\linkResolver.cpp, line 759]
Event: 6.968 Thread 0x000001b0668a0530 Exception <a 'java/lang/NoSuchMethodError'{0x000000008791c9d8}: 'java.lang.Object java.lang.invoke.DirectMethodHandle$Holder.newInvokeSpecial(java.lang.Object, java.lang.Object, java.lang.Object, java.lang.Object, java.lang.Object, java.lang.Object, java.lang.Object, java.lang.Object, java.lang.Object, java.lang.Object, java.lang.Object)'> (0x000000008791c9d8) 
thrown [s\open\src\hotspot\share\interpreter\linkResolver.cpp, line 759]
Event: 6.969 Thread 0x000001b0668a0530 Exception <a 'java/lang/NoSuchMethodError'{0x0000000087921ee0}: 'java.lang.Object java.lang.invoke.DirectMethodHandle$Holder.invokeSpecial(java.lang.Object, java.lang.Object, java.lang.Object, java.lang.Object, java.lang.Object, java.lang.Object, java.lang.Object, java.lang.Object, java.lang.Object, java.lang.Object, java.lang.Object, java.lang.Object)'> (0x0000000087921ee0) 
thrown [s\open\src\hotspot\share\interpreter\linkResolver.cpp, line 759]
Event: 6.969 Thread 0x000001b0668a0530 Exception <a 'java/lang/NoSuchMethodError'{0x0000000087926c78}: 'java.lang.Object java.lang.invoke.Invokers$Holder.linkToTargetMethod(java.lang.Object, java.lang.Object, java.lang.Object, java.lang.Object, java.lang.Object, java.lang.Object, java.lang.Object, java.lang.Object, java.lang.Object, java.lang.Object, java.lang.Object)'> (0x0000000087926c78) 
thrown [s\open\src\hotspot\share\interpreter\linkResolver.cpp, line 759]
Event: 7.002 Thread 0x000001b0668a0530 Exception <a 'java/lang/NoSuchMethodError'{0x0000000087711758}: 'java.lang.Object java.lang.invoke.DirectMethodHandle$Holder.newInvokeSpecial(java.lang.Object, java.lang.Object, java.lang.Object, java.lang.Object, java.lang.Object, java.lang.Object, java.lang.Object, int)'> (0x0000000087711758) 
thrown [s\open\src\hotspot\share\interpreter\linkResolver.cpp, line 759]
Event: 7.003 Thread 0x000001b0668a0530 Exception <a 'java/lang/NoSuchMethodError'{0x0000000087716f48}: 'java.lang.Object java.lang.invoke.DirectMethodHandle$Holder.invokeSpecial(java.lang.Object, java.lang.Object, java.lang.Object, java.lang.Object, java.lang.Object, java.lang.Object, java.lang.Object, java.lang.Object, int)'> (0x0000000087716f48) 
thrown [s\open\src\hotspot\share\interpreter\linkResolver.cpp, line 759]
Event: 7.226 Thread 0x000001b0668a0530 Exception <a 'java/lang/IncompatibleClassChangeError'{0x0000000088a9f090}: Found class java.lang.Object, but interface was expected> (0x0000000088a9f090) 
thrown [s\open\src\hotspot\share\interpreter\linkResolver.cpp, line 826]
Event: 7.235 Thread 0x000001b0668a0530 Exception <a 'java/lang/IncompatibleClassChangeError'{0x0000000088928798}: Found class java.lang.Object, but interface was expected> (0x0000000088928798) 
thrown [s\open\src\hotspot\share\interpreter\linkResolver.cpp, line 826]
Event: 7.295 Thread 0x000001b0668a0530 Exception <a 'java/lang/IncompatibleClassChangeError'{0x00000000888dffc8}: Found class java.lang.Object, but interface was expected> (0x00000000888dffc8) 
thrown [s\open\src\hotspot\share\interpreter\linkResolver.cpp, line 826]
Event: 7.568 Thread 0x000001b0668a0530 Exception <a 'java/lang/IncompatibleClassChangeError'{0x00000000881f02f0}: Found class java.lang.Object, but interface was expected> (0x00000000881f02f0) 
thrown [s\open\src\hotspot\share\interpreter\linkResolver.cpp, line 826]
Event: 7.681 Thread 0x000001b0668a0530 Exception <a 'java/lang/reflect/InvocationTargetException'{0x0000000087abbbf0}> (0x0000000087abbbf0) 
thrown [s\open\src\hotspot\share\runtime\reflection.cpp, line 1121]
Event: 7.698 Thread 0x000001b0668a0530 Exception <a 'java/lang/NoSuchMethodError'{0x00000000879223d8}: 'int java.lang.invoke.DirectMethodHandle$Holder.invokeStatic(java.lang.Object, java.lang.Object, int)'> (0x00000000879223d8) 
thrown [s\open\src\hotspot\share\interpreter\linkResolver.cpp, line 759]
Event: 7.708 Thread 0x000001b0668a0530 Exception <a 'java/lang/NoSuchMethodError'{0x000000008795f1a0}: 'java.lang.Object java.lang.invoke.Invokers$Holder.invoke_MT(java.lang.Object, java.lang.Object, java.lang.Object, java.lang.Object, java.lang.Object, java.lang.Object, java.lang.Object, java.lang.Object, java.lang.Object)'> (0x000000008795f1a0) 
thrown [s\open\src\hotspot\share\interpreter\linkResolver.cpp, line 759]
Event: 7.715 Thread 0x000001b0668a0530 Exception <a 'java/lang/IncompatibleClassChangeError'{0x0000000087989948}: Found class java.lang.Object, but interface was expected> (0x0000000087989948) 
thrown [s\open\src\hotspot\share\interpreter\linkResolver.cpp, line 826]
Event: 7.967 Thread 0x000001b0668a0530 Exception <a 'java/lang/NoSuchMethodError'{0x0000000087381718}: 'void java.lang.invoke.DirectMethodHandle$Holder.invokeInterface(java.lang.Object, java.lang.Object, int)'> (0x0000000087381718) 
thrown [s\open\src\hotspot\share\interpreter\linkResolver.cpp, line 759]
Event: 7.974 Thread 0x000001b0668a0530 Exception <a 'java/lang/IncompatibleClassChangeError'{0x00000000873d1a50}: Found class java.lang.Object, but interface was expected> (0x00000000873d1a50) 
thrown [s\open\src\hotspot\share\interpreter\linkResolver.cpp, line 826]
Event: 7.975 Thread 0x000001b0668a0530 Exception <a 'java/lang/NoSuchMethodError'{0x00000000873e2af0}: 'int java.lang.invoke.DirectMethodHandle$Holder.invokeSpecialIFC(java.lang.Object, java.lang.Object, java.lang.Object)'> (0x00000000873e2af0) 
thrown [s\open\src\hotspot\share\interpreter\linkResolver.cpp, line 759]
Event: 7.976 Thread 0x000001b0668a0530 Exception <a 'java/lang/NoSuchMethodError'{0x00000000873f0d08}: 'void java.lang.invoke.DirectMethodHandle$Holder.invokeStatic(java.lang.Object, int, java.lang.Object)'> (0x00000000873f0d08) 
thrown [s\open\src\hotspot\share\interpreter\linkResolver.cpp, line 759]

VM Operations (20 events):
Event: 7.136 Executing VM operation: ICBufferFull
Event: 7.136 Executing VM operation: ICBufferFull done
Event: 7.152 Executing VM operation: HandshakeAllThreads
Event: 7.152 Executing VM operation: HandshakeAllThreads done
Event: 7.197 Executing VM operation: G1CollectForAllocation
Event: 7.203 Executing VM operation: G1CollectForAllocation done
Event: 7.484 Executing VM operation: HandshakeAllThreads
Event: 7.484 Executing VM operation: HandshakeAllThreads done
Event: 7.627 Executing VM operation: HandshakeAllThreads
Event: 7.627 Executing VM operation: HandshakeAllThreads done
Event: 7.627 Executing VM operation: HandshakeAllThreads
Event: 7.627 Executing VM operation: HandshakeAllThreads done
Event: 7.635 Executing VM operation: ICBufferFull
Event: 7.635 Executing VM operation: ICBufferFull done
Event: 7.655 Executing VM operation: HandshakeAllThreads
Event: 7.655 Executing VM operation: HandshakeAllThreads done
Event: 7.788 Executing VM operation: HandshakeAllThreads
Event: 7.788 Executing VM operation: HandshakeAllThreads done
Event: 8.036 Executing VM operation: G1CollectForAllocation
Event: 8.045 Executing VM operation: G1CollectForAllocation done

Events (20 events):
Event: 7.796 Thread 0x000001b0067d47f0 flushing nmethod 0x000001b070100910
Event: 7.796 Thread 0x000001b0067d47f0 flushing nmethod 0x000001b070100f90
Event: 7.796 Thread 0x000001b0067d47f0 flushing nmethod 0x000001b070108990
Event: 7.796 Thread 0x000001b0067d47f0 flushing nmethod 0x000001b07010ab10
Event: 7.796 Thread 0x000001b0067d47f0 flushing nmethod 0x000001b07010c190
Event: 7.796 Thread 0x000001b0067d47f0 flushing nmethod 0x000001b07010f110
Event: 7.796 Thread 0x000001b0067d47f0 flushing nmethod 0x000001b07010fa10
Event: 7.796 Thread 0x000001b0067d47f0 flushing nmethod 0x000001b070126410
Event: 7.796 Thread 0x000001b0067d47f0 flushing nmethod 0x000001b070137990
Event: 7.797 Thread 0x000001b0067d47f0 flushing nmethod 0x000001b07022c710
Event: 7.797 Thread 0x000001b0067d47f0 flushing nmethod 0x000001b07023c910
Event: 7.797 Thread 0x000001b0067d47f0 flushing nmethod 0x000001b070255b10
Event: 7.858 loading class java/lang/UnsatisfiedLinkError
Event: 7.859 loading class java/lang/UnsatisfiedLinkError done
Event: 7.896 loading class javax/management/MBeanRegistration
Event: 7.896 loading class javax/management/MBeanRegistration done
Event: 7.901 loading class javax/management/NotificationEmitter
Event: 7.901 loading class javax/management/NotificationBroadcaster
Event: 7.901 loading class javax/management/NotificationBroadcaster done
Event: 7.901 loading class javax/management/NotificationEmitter done


Dynamic libraries:
0x00007ff627970000 - 0x00007ff627980000 	C:\Program Files\Java\jdk-17\bin\java.exe
0x00007ff881b90000 - 0x00007ff881da4000 	C:\WINDOWS\SYSTEM32\ntdll.dll
0x00007ff8805f0000 - 0x00007ff8806b2000 	C:\WINDOWS\System32\KERNEL32.DLL
0x00007ff87ef90000 - 0x00007ff87f333000 	C:\WINDOWS\System32\KERNELBASE.dll
0x00007ff87f4b0000 - 0x00007ff87f5c1000 	C:\WINDOWS\System32\ucrtbase.dll
0x00007fffb7b00000 - 0x00007fffb7b19000 	C:\Program Files\Java\jdk-17\bin\jli.dll
0x00007fffb7b20000 - 0x00007fffb7b3b000 	C:\Program Files\Java\jdk-17\bin\VCRUNTIME140.dll
0x00007ff880540000 - 0x00007ff8805ee000 	C:\WINDOWS\System32\ADVAPI32.dll
0x00007ff87ffb0000 - 0x00007ff880057000 	C:\WINDOWS\System32\msvcrt.dll
0x00007ff881a90000 - 0x00007ff881b34000 	C:\WINDOWS\System32\sechost.dll
0x00007ff8803d0000 - 0x00007ff8804e7000 	C:\WINDOWS\System32\RPCRT4.dll
0x00007ff880190000 - 0x00007ff88033a000 	C:\WINDOWS\System32\USER32.dll
0x00007ff87f940000 - 0x00007ff87f966000 	C:\WINDOWS\System32\win32u.dll
0x00007ff8606f0000 - 0x00007ff86097e000 	C:\WINDOWS\WinSxS\amd64_microsoft.windows.common-controls_6595b64144ccf1df_6.0.22621.1635_none_270f70857386168e\COMCTL32.dll
0x00007ff8806d0000 - 0x00007ff8806f9000 	C:\WINDOWS\System32\GDI32.dll
0x00007ff87f5d0000 - 0x00007ff87f6e9000 	C:\WINDOWS\System32\gdi32full.dll
0x00007ff87f8a0000 - 0x00007ff87f93a000 	C:\WINDOWS\System32\msvcp_win.dll
0x00007ff8770c0000 - 0x00007ff8770ca000 	C:\WINDOWS\SYSTEM32\VERSION.dll
0x00007ff881a50000 - 0x00007ff881a81000 	C:\WINDOWS\System32\IMM32.DLL
0x00007fffb77f0000 - 0x00007fffb77fc000 	C:\Program Files\Java\jdk-17\bin\vcruntime140_1.dll
0x00007fffb7760000 - 0x00007fffb77ee000 	C:\Program Files\Java\jdk-17\bin\msvcp140.dll
0x00007fffb6b50000 - 0x00007fffb772d000 	C:\Program Files\Java\jdk-17\bin\server\jvm.dll
0x00007ff8806c0000 - 0x00007ff8806c8000 	C:\WINDOWS\System32\PSAPI.DLL
0x00007ff845920000 - 0x00007ff845929000 	C:\WINDOWS\SYSTEM32\WSOCK32.dll
0x00007ff877920000 - 0x00007ff877954000 	C:\WINDOWS\SYSTEM32\WINMM.dll
0x00007ff8811d0000 - 0x00007ff881241000 	C:\WINDOWS\System32\WS2_32.dll
0x00007ff87df90000 - 0x00007ff87dfa8000 	C:\WINDOWS\SYSTEM32\kernel.appcore.dll
0x00007fffb2820000 - 0x00007fffb282a000 	C:\Program Files\Java\jdk-17\bin\jimage.dll
0x00007ff87c960000 - 0x00007ff87cb8e000 	C:\WINDOWS\SYSTEM32\DBGHELP.DLL
0x00007ff87fb40000 - 0x00007ff87fec9000 	C:\WINDOWS\System32\combase.dll
0x00007ff880ef0000 - 0x00007ff880fc7000 	C:\WINDOWS\System32\OLEAUT32.dll
0x00007ff863520000 - 0x00007ff863552000 	C:\WINDOWS\SYSTEM32\dbgcore.DLL
0x00007ff87f820000 - 0x00007ff87f89a000 	C:\WINDOWS\System32\bcryptPrimitives.dll
0x00007ff87a5d0000 - 0x00007ff87a5de000 	C:\Program Files\Java\jdk-17\bin\instrument.dll
0x00007fffb27f0000 - 0x00007fffb2815000 	C:\Program Files\Java\jdk-17\bin\java.dll
0x00007fffb8ca0000 - 0x00007fffb8d77000 	C:\Program Files\Java\jdk-17\bin\jsvml.dll
0x00007ff881250000 - 0x00007ff881a49000 	C:\WINDOWS\System32\SHELL32.dll
0x00007ff87cf30000 - 0x00007ff87d7fe000 	C:\WINDOWS\SYSTEM32\windows.storage.dll
0x00007ff87cdf0000 - 0x00007ff87cf2e000 	C:\WINDOWS\SYSTEM32\wintypes.dll
0x00007ff87fa40000 - 0x00007ff87fb31000 	C:\WINDOWS\System32\SHCORE.dll
0x00007ff87fee0000 - 0x00007ff87ff3e000 	C:\WINDOWS\System32\shlwapi.dll
0x00007ff87eec0000 - 0x00007ff87eee6000 	C:\WINDOWS\SYSTEM32\profapi.dll
0x00007fffb8c10000 - 0x00007fffb8c28000 	C:\Program Files\Java\jdk-17\bin\zip.dll
0x00007fffb8c80000 - 0x00007fffb8c99000 	C:\Program Files\Java\jdk-17\bin\net.dll
0x00007ff877d10000 - 0x00007ff877e47000 	C:\WINDOWS\SYSTEM32\WINHTTP.dll
0x00007ff87e400000 - 0x00007ff87e469000 	C:\WINDOWS\system32\mswsock.dll
0x00007fffb8c60000 - 0x00007fffb8c76000 	C:\Program Files\Java\jdk-17\bin\nio.dll
0x00007ff87a560000 - 0x00007ff87a57a000 	C:\Program Files\JetBrains\IntelliJ IDEA Community Edition 2023.1.2\bin\breakgen64.dll
0x00007ff87e650000 - 0x00007ff87e66b000 	C:\WINDOWS\SYSTEM32\CRYPTSP.dll
0x00007ff87df00000 - 0x00007ff87df35000 	C:\WINDOWS\system32\rsaenh.dll
0x00007ff87e4a0000 - 0x00007ff87e4cc000 	C:\WINDOWS\SYSTEM32\USERENV.dll
0x00007ff87e870000 - 0x00007ff87e898000 	C:\WINDOWS\SYSTEM32\bcrypt.dll
0x00007ff87e610000 - 0x00007ff87e61c000 	C:\WINDOWS\SYSTEM32\CRYPTBASE.dll
0x00007ff87da60000 - 0x00007ff87da8d000 	C:\WINDOWS\SYSTEM32\IPHLPAPI.DLL
0x00007ff87fed0000 - 0x00007ff87fed9000 	C:\WINDOWS\System32\NSI.dll
0x00007ff877900000 - 0x00007ff877919000 	C:\WINDOWS\SYSTEM32\dhcpcsvc6.DLL
0x00007ff8778e0000 - 0x00007ff8778ff000 	C:\WINDOWS\SYSTEM32\dhcpcsvc.DLL
0x00007ff87dad0000 - 0x00007ff87dbc3000 	C:\WINDOWS\SYSTEM32\DNSAPI.dll
0x00007ff832fc0000 - 0x00007ff832fd0000 	C:\Program Files\Java\jdk-17\bin\verify.dll
0x00007ff874be0000 - 0x00007ff874bea000 	C:\Windows\System32\rasadhlp.dll
0x00007ff8769b0000 - 0x00007ff876a34000 	C:\WINDOWS\System32\fwpuclnt.dll
0x00007ff87a500000 - 0x00007ff87a50d000 	C:\Program Files\Java\jdk-17\bin\sunmscapi.dll
0x00007ff87f340000 - 0x00007ff87f4a7000 	C:\WINDOWS\System32\CRYPT32.dll
0x00007ff87e840000 - 0x00007ff87e86e000 	C:\WINDOWS\SYSTEM32\ncrypt.dll
0x00007ff87e800000 - 0x00007ff87e837000 	C:\WINDOWS\SYSTEM32\NTASN1.dll

dbghelp: loaded successfully - version: 4.0.5 - missing functions: none
symbol engine: initialized successfully - sym options: 0x614 - pdb path: .;C:\Program Files\Java\jdk-17\bin;C:\WINDOWS\SYSTEM32;C:\WINDOWS\WinSxS\amd64_microsoft.windows.common-controls_6595b64144ccf1df_6.0.22621.1635_none_270f70857386168e;C:\Program Files\Java\jdk-17\bin\server;C:\Program Files\JetBrains\IntelliJ IDEA Community Edition 2023.1.2\bin

VM Arguments:
jvm_args: -ea -Didea.test.cyclic.buffer.size=1048576 -javaagent:C:\Program Files\JetBrains\IntelliJ IDEA Community Edition 2023.1.2\lib\idea_rt.jar=54118:C:\Program Files\JetBrains\IntelliJ IDEA Community Edition 2023.1.2\bin -Dfile.encoding=UTF-8 
java_command: com.intellij.rt.junit.JUnitStarter -ideVersion5 -junit5 com.example.SpringProjectSQL.SpringProjectSqlApplicationTests
java_class_path (initial): C:\Users\ravi Kannegundla\.m2\repository\org\junit\platform\junit-platform-launcher\1.9.3\junit-platform-launcher-1.9.3.jar;C:\Program Files\JetBrains\IntelliJ IDEA Community Edition 2023.1.2\lib\idea_rt.jar;C:\Program Files\JetBrains\IntelliJ IDEA Community Edition 2023.1.2\plugins\junit\lib\junit5-rt.jar;C:\Program Files\JetBrains\IntelliJ IDEA Community Edition 2023.1.2\plugins\junit\lib\junit-rt.jar;D:\java sample projects\SpringProjectSQL\SpringProjectSQL\target\test-classes;D:\java sample projects\SpringProjectSQL\SpringProjectSQL\target\classes;C:\Users\ravi Kannegundla\.m2\repository\org\springframework\boot\spring-boot-starter-data-jpa\3.1.1\spring-boot-starter-data-jpa-3.1.1.jar;C:\Users\ravi Kannegundla\.m2\repository\org\springframework\boot\spring-boot-starter-aop\3.1.1\spring-boot-starter-aop-3.1.1.jar;C:\Users\ravi Kannegundla\.m2\repository\org\springframework\spring-aop\6.0.10\spring-aop-6.0.10.jar;C:\Users\ravi Kannegundla\.m2\repository\org\aspectj\aspectjweaver\1.9.19\aspectjweaver-1.9.19.jar;C:\Users\ravi Kannegundla\.m2\repository\org\springframework\boot\spring-boot-starter-jdbc\3.1.1\spring-boot-starter-jdbc-3.1.1.jar;C:\Users\ravi Kannegundla\.m2\repository\com\zaxxer\HikariCP\5.0.1\HikariCP-5.0.1.jar;C:\Users\ravi Kannegundla\.m2\repository\org\springframework\spring-jdbc\6.0.10\spring-jdbc-6.0.10.jar;C:\Users\ravi Kannegundla\.m2\repository\org\hibernate\orm\hibernate-core\6.2.5.Final\hibernate-core-6.2.5.Final.jar;C:\Users\ravi Kannegundla\.m2\repository\jakarta\persistence\jakarta.persistence-api\3.1.0\jakarta.persistence-api-3.1.0.jar;C:\Users\ravi Kannegundla\.m2\repository\jakarta\transaction\jakarta.transaction-api\2.0.1\jakarta.transaction-api-2.0.1.jar;C:\Users\ravi Kannegundla\.m2\repository\org\jboss\logging\jboss-logging\3.5.1.Final\jboss-logging-3.5.1.Final.jar;C:\Users\ravi Kannegundla\.m2\repository\org\hibernate\common\hibernate-commons-annotations\6.0.6.Final\hibernate-commons-annotations-6.0.6.
Launcher Type: SUN_STANDARD

[Global flags]
     intx CICompilerCount                          = 4                                         {product} {ergonomic}
     uint ConcGCThreads                            = 2                                         {product} {ergonomic}
     uint G1ConcRefinementThreads                  = 8                                         {product} {ergonomic}
   size_t G1HeapRegionSize                         = 1048576                                   {product} {ergonomic}
    uintx GCDrainStackTargetSize                   = 64                                        {product} {ergonomic}
   size_t InitialHeapSize                          = 130023424                                 {product} {ergonomic}
   size_t MarkStackSize                            = 4194304                                   {product} {ergonomic}
   size_t MaxHeapSize                              = 2067791872                                {product} {ergonomic}
   size_t MaxNewSize                               = 1240465408                                {product} {ergonomic}
   size_t MinHeapDeltaBytes                        = 1048576                                   {product} {ergonomic}
   size_t MinHeapSize                              = 8388608                                   {product} {ergonomic}
    uintx NonNMethodCodeHeapSize                   = 5839372                                {pd product} {ergonomic}
    uintx NonProfiledCodeHeapSize                  = 122909434                              {pd product} {ergonomic}
    uintx ProfiledCodeHeapSize                     = 122909434                              {pd product} {ergonomic}
    uintx ReservedCodeCacheSize                    = 251658240                              {pd product} {ergonomic}
     bool SegmentedCodeCache                       = true                                      {product} {ergonomic}
   size_t SoftMaxHeapSize                          = 2067791872                             {manageable} {ergonomic}
     bool UseCompressedClassPointers               = true                           {product lp64_product} {ergonomic}
     bool UseCompressedOops                        = true                           {product lp64_product} {ergonomic}
     bool UseG1GC                                  = true                                      {product} {ergonomic}
     bool UseLargePagesIndividualAllocation        = false                                  {pd product} {ergonomic}

Logging:
Log output configuration:
 #0: stdout all=warning uptime,level,tags
 #1: stderr all=off uptime,level,tags

Environment Variables:
PATH=C:\Program Files\Common Files\Oracle\Java\javapath;C:\Program Files (x86)\Common Files\Oracle\Java\javapath;C:\WINDOWS\system32;C:\WINDOWS;C:\WINDOWS\System32\Wbem;C:\WINDOWS\System32\WindowsPowerShell\v1.0\;C:\WINDOWS\System32\OpenSSH\;C:\Program Files\nodejs\;C:\Program Files\Git\cmd;C:\Maven\apache-maven-3.9.3\bin;C:\Users\ravi Kannegundla\Downloads\apache-zookeeper-3.7.1-bin\apache-zookeeper-3.7.1-bin\bin;C:\Program Files\MySQL\MySQL Shell 8.0\bin\;C:\Users\ravi Kannegundla\AppData\Local\Microsoft\WindowsApps;C:\Users\ravi Kannegundla\AppData\Roaming\npm;C:\Users\ravi Kannegundla\AppData\Local\Programs\Microsoft VS Code\bin
USERNAME=ravi Kannegundla
OS=Windows_NT
PROCESSOR_IDENTIFIER=Intel64 Family 6 Model 126 Stepping 5, GenuineIntel



---------------  S Y S T E M  ---------------

OS:
 Windows 11 , 64 bit Build 22621 (10.0.22621.1928)
OS uptime: 0 days 4:02 hours
Hyper-V role detected

CPU: total 8 (initial active 8) (4 cores per cpu, 2 threads per core) family 6 model 126 stepping 5 microcode 0xa8, cx8, cmov, fxsr, ht, mmx, 3dnowpref, sse, sse2, sse3, ssse3, sse4.1, sse4.2, popcnt, lzcnt, tsc, tscinvbit, avx, avx2, aes, erms, clmul, bmi1, bmi2, adx, avx512f, avx512dq, avx512cd, avx512bw, avx512vl, sha, fma, vzeroupper, avx512_vpopcntdq, avx512_vpclmulqdq, avx512_vaes, avx512_vnni, clflush, clflushopt, avx512_vbmi2, avx512_vbmi, hv

Memory: 4k page, system-wide physical 7880M (1030M free)
TotalPageFile size 20039M (AvailPageFile size 9M)
current process WorkingSet (physical memory assigned to process): 259M, peak: 271M
current process commit charge ("private bytes"): 298M, peak: 310M

vm_info: Java HotSpot(TM) 64-Bit Server VM (17.0.7+8-LTS-224) for windows-amd64 JRE (17.0.7+8-LTS-224), built on Feb 28 2023 23:03:02 by "mach5one" with MS VC++ 17.1 (VS2022)

END.
